


         _+=+_
      .-`  .  `-.          8888888b.  8888888b.   .d88888b.   .d8888b.
   _+`     "     `+_       888   Y88b 888   Y88b d88P" "Y88b d88P  Y88b
  \\\sssssssssssss///      888    888 888    888 888     888 Y88b.
     .ss\  *  /ss.         888   d88P 888   d88P 888     888  "Y888b.
 .+bm  .s  *  s.  md+.     8888888P"  8888888P"  888     888     "Y88b.
.hMMMMs .  *  . sMMMMh.    888        888 T88b   888     888       "888
 `\hMMMb \ | / dMMMh:      888        888  T88b  Y88b. .d88P Y88b  d88P
   -SNMNo  -  oNMNs-       888        888   T88b  "Y88888P"   "Y8888P"
     `+dMh\./dMd/
        `:yNy:`                      Powered by PROS for VEX V5
           "                Copyright (c) Purdue University ACM SIGBots
Version:        3.5.4     Platform:  V1.1.0 (b8)     Uptime:    0.000 s
Compiled:   Feb  2 2022 12:03:39     Directory:  p/Coding/C++/meia/meia


pid - targeet: 0
pid - tpi: 36.0057
pid - current_pos: 0
pid - voltiage: 0, 0
pid - targeet: 0
pid - tpi: 36.0057
pid - current_pos: 0
pid - voltiage: 0, 0
pid - targeet: 0
pid - tpi: 36.0057
pid - current_pos: 0
pid - voltiage: 0, 0
pid - targeet: 0
pid - tpi: 36.0057
pid - current_pos: 0
pid - voltiage: 0, 0
pid - targeet: 0
pid - tpi: 36.0057
pid - current_pos: 0
pid - voltiage: 0, 0
pid - targeet: 0
pid - tpi: 36.0057
pid - current_pos: 0
pid - voltiage: 0, 0
pid - targeet: 0
pid - tpi: 36.0057
pid - current_pos: 0
pid - voltiage: 0, 0
pid - targeet: 0
pid - tpi: 36.0057
pid - current_pos: 0
pid - voltiage: 0, 0
pid - targeet: 0
pid - tpi: 36.0057
pid - current_pos: 0
pid - voltiage: 0, 0
pid - targeet: 0
pid - tpi: 36.0057
pid - current_pos: 0
pid - voltiage: 0, 0
pid - targeet: 0
pid - tpi: 36.0057
pid - current_pos: 0
pid - voltiage: 0, 0
pid - targeet: 0
pid - tpi: 36.0057
pid - current_pos: 0
pid - voltiage: 0, 0
pid - targeet: 0
pid - tpi: 36.0057
pid - current_pos: 0
pid - voltiage: 0, 0
pid - targeet: 0
pid - tpi: 36.0057
pid - current_pos: 0
pid - voltiage: 0, 0
pid - targeet: 0
pid - tpi: 36.0057
pid - current_pos: 0
pid - voltiage: 0, 0
pid - targeet: 0
pid - tpi: 36.0057
pid - current_pos: 0
pid - voltiage: 0, 0
pid - targeet: 0
pid - tpi: 36.0057
pid - current_pos: 0
pid - voltiage: 0, 0
pid - targeet: 0
pid - tpi: 36.0057
pid - current_pos: 0
pid - voltiage: 0, 0
pid - targeet: 0
pid - tpi: 36.0057
pid - current_pos: 0
pid - voltiage: 0, 0
pid - targeet: 0
pid - tpi: 36.0057
pid - current_pos: 0
pid - voltiage: 0, 0
pid - targeet: 0
pid - tpi: 36.0057
pid - current_pos: 0
pid - voltiage: 0, 0
pid - targeet: 0
pid - tpi: 36.0057
pid - current_pos: 0
pid - voltiage: 0, 0
pid - targeet: 0
pid - tpi: 36.0057
pid - current_pos: 0
pid - voltiage: 0, 0
pid - targeet: 0
pid - tpi: 36.0057
pid - current_pos: 0
pid - voltiage: 0, 0
pid - targeet: 0
pid - tpi: 36.0057
pid - current_pos: 0
pid - voltiage: 0, 0
pid - targeet: 0
pid - tpi: 36.0057
pid - current_pos: 0
pid - voltiage: 0, 0
pid - targeet: 0
pid - tpi: 36.0057
pid - current_pos: 0
pid - voltiage: 0, 0
pid - targeet: 0
pid - tpi: 36.0057
pid - current_pos: 0
pid - voltiage: 0, 0
pid - targeet: 0
pid - tpi: 36.0057
pid - current_pos: 0
pid - voltiage: 0, 0
pid - targeet: 0
pid - tpi: 36.0057
pid - current_pos: 0
pid - voltiage: 0, 0
pid - targeet: 0
pid - tpi: 36.0057
pid - current_pos: 0
pid - voltiage: 0, 0
pid - targeet: 0
pid - tpi: 36.0057
pid - current_pos: 0
pid - voltiage: 0, 0
pid - targeet: 0
pid - tpi: 36.0057
pid - current_pos: 0
pid - voltiage: 0, 0
pid - targeet: 0
pid - tpi: 36.0057
pid - current_pos: 0
pid - voltiage: 0, 0
pid - targeet: 0
pid - tpi: 36.0057
pid - current_pos: 0
pid - voltiage: 0, 0
pid - targeet: 0
pid - tpi: 36.0057
pid - current_pos: 0
pid - voltiage: 0, 0
pid - targeet: 0
pid - tpi: 36.0057
pid - current_pos: 0
pid - voltiage: 0, 0
pid - targeet: 0
pid - tpi: 36.0057
pid - current_pos: 0
pid - voltiage: 0, 0
pid - targeet: 0
pid - tpi: 36.0057
pid - current_pos: 0
pid - voltiage: 0, 0
pid - targeet: 0
pid - tpi: 36.0057
pid - current_pos: 0
pid - voltiage: 0, 0
current start curve iterations: 0
prof - req move dist: 0
prof - amount move dist completed: 0
pid - targeet: 0
pid - tpi: 36.0057
pid - current_pos: 0
pid - voltiage: 0, 0
current start curve iterations: 0
prof - req move dist: 0
prof - amount move dist completed: 0
pid - targeet: 0
pid - tpi: 36.0057
pid - current_pos: 0
pid - voltiage: 0, 0
current start curve iterations: 0
prof - req move dist: inf
prof - amount move dist completed: 0
pid - targeet: 0
pid - tpi: 36.0057
pid - current_pos: 0
pid - voltiage: 0, 0
current start curve iterations: 0
prof - req move dist: inf
prof - amount move dist completed: 0
pid - targeet: 0
pid - tpi: 36.0057
pid - current_pos: 0
pid - voltiage: 0, 0
current start curve iterations: 0
prof - req move dist: inf
prof - amount move dist completed: 0
pid - targeet: 0
pid - tpi: 36.0057
pid - current_pos: 0
pid - voltiage: 0, 0
current start curve iterations: 0
prof - req move dist: inf
prof - amount move dist completed: 0
pid - targeet: 0
pid - tpi: 36.0057
pid - current_pos: 0
pid - voltiage: 0, 0
current start curve iterations: 0
prof - req move dist: inf
prof - amount move dist completed: 0
pid - targeet: 0
pid - tpi: 36.0057
pid - current_pos: 0
pid - voltiage: 0, 0
current start curve iterations: 0
prof - req move dist: inf
prof - amount move dist completed: 0
pid - targeet: 0
pid - tpi: 36.0057
pid - current_pos: 0
pid - voltiage: 0, 0
current start curve iterations: 0
prof - req move dist: inf
prof - amount move dist completed: 0
pid - targeet: 0
pid - tpi: 36.0057
pid - current_pos: 0
pid - voltiage: 0, 0
current start curve iterations: 0
prof - req move dist: inf
prof - amount move dist completed: 0
pid - targeet: 0
pid - tpi: 36.0057
pid - current_pos: 0
pid - voltiage: 0, 0
current start curve iterations: 0
prof - req move dist: inf
prof - amount move dist completed: 0
pid - targeet: 0
pid - tpi: 36.0057
pid - current_pos: 0
pid - voltiage: 0, 0
current start curve iterations: 0
prof - req move dist: inf
prof - amount move dist completed: 0
pid - targeet: 0
pid - tpi: 36.0057
pid - current_pos: 0
pid - voltiage: 0, 0
current start curve iterations: 0
prof - req move dist: inf
prof - amount move dist completed: 0
pid - targeet: 0
pid - tpi: 36.0057
pid - current_pos: 0
pid - voltiage: 0, 0
current start curve iterations: 0
prof - req move dist: inf
prof - amount move dist completed: 0
pid - targeet: 0
pid - tpi: 36.0057
pid - current_pos: 0
pid - voltiage: 0, 0
current start curve iterations: 0
prof - req move dist: inf
prof - amount move dist completed: 0
pid - targeet: 0
pid - tpi: 36.0057
pid - current_pos: 0
pid - voltiage: 0, 0
current start curve iterations: 0
prof - req move dist: inf
prof - amount move dist completed: 0
pid - targeet: 0
pid - tpi: 36.0057
pid - current_pos: 0
pid - voltiage: 0, 0
current start curve iterations: 0
prof - req move dist: inf
prof - amount move dist completed: 0
pid - targeet: 0
pid - tpi: 36.0057
pid - current_pos: 0
pid - voltiage: 0, 0
current start curve iterations: 0
prof - req move dist: inf
prof - amount move dist completed: 0
pid - targeet: 0
pid - tpi: 36.0057
pid - current_pos: 0
pid - voltiage: 0, 0
current start curve iterations: 0
prof - req move dist: inf
prof - amount move dist completed: 0
pid - targeet: 0
pid - tpi: 36.0057
pid - current_pos: 0
pid - voltiage: 0, 0
current start curve iterations: 0
prof - req move dist: inf
prof - amount move dist completed: 0
pid - targeet: 0
pid - tpi: 36.0057
pid - current_pos: 0
pid - voltiage: 0, 0
current start curve iterations: 0
prof - req move dist: inf
prof - amount move dist completed: 0
pid - targeet: 0
pid - tpi: 36.0057
pid - current_pos: 0
pid - voltiage: 0, 0
current start curve iterations: 0
prof - req move dist: inf
prof - amount move dist completed: 0
pid - targeet: 0
pid - tpi: 36.0057
pid - current_pos: 0
pid - voltiage: 0, 0
current start curve iterations: 0
prof - req move dist: inf
prof - amount move dist completed: 0
pid - targeet: 0
pid - tpi: 36.0057
pid - current_pos: 0
pid - voltiage: 0, 0
current start curve iterations: 0
prof - req move dist: inf
prof - amount move dist completed: 0
pid - targeet: 0
pid - tpi: 36.0057
pid - current_pos: 0
pid - voltiage: 0, 0
current start curve iterations: 0
prof - req move dist: inf
prof - amount move dist completed: 0
pid - targeet: 0
pid - tpi: 36.0057
pid - current_pos: 0
pid - voltiage: 0, 0
current start curve iterations: 0
prof - req move dist: inf
prof - amount move dist completed: 0
pid - targeet: 0
pid - tpi: 36.0057
pid - current_pos: 0
pid - voltiage: 0, 0
current start curve iterations: 0
prof - req move dist: inf
prof - amount move dist completed: 0
pid - targeet: 0
pid - tpi: 36.0057
pid - current_pos: 0
pid - voltiage: 0, 0
current start curve iterations: 0
prof - req move dist: inf
prof - amount move dist completed: 0
pid - targeet: 0
pid - tpi: 36.0057
pid - current_pos: 0
pid - voltiage: 0, 0
current start curve iterations: 0
prof - req move dist: inf
prof - amount move dist completed: 0
pid - targeet: 0
pid - tpi: 36.0057
pid - current_pos: 0
pid - voltiage: 0, 0
current start curve iterations: 0
prof - req move dist: inf
prof - amount move dist completed: 0
pid - targeet: 0
pid - tpi: 36.0057
pid - current_pos: 0
pid - voltiage: 0, 0
current start curve iterations: 0
prof - req move dist: inf
prof - amount move dist completed: 0
pid - targeet: 0
pid - tpi: 36.0057
pid - current_pos: 0
pid - voltiage: 0, 0
current start curve iterations: 0
prof - req move dist: inf
prof - amount move dist completed: 0
pid - targeet: 0
pid - tpi: 36.0057
pid - current_pos: 0
pid - voltiage: 0, 0
current start curve iterations: 0
prof - req move dist: inf
prof - amount move dist completed: 0
pid - targeet: 0
pid - tpi: 36.0057
pid - current_pos: 0
pid - voltiage: 0, 0
current start curve iterations: 0
prof - req move dist: inf
prof - amount move dist completed: 0
pid - targeet: 0
pid - tpi: 36.0057
pid - current_pos: 0
pid - voltiage: 0, 0
current start curve iterations: 0
prof - req move dist: inf
prof - amount move dist completed: 0
pid - targeet: 0
pid - tpi: 36.0057
pid - current_pos: 0
pid - voltiage: 0, 0
current start curve iterations: 0
prof - req move dist: inf
prof - amount move dist completed: 0
pid - targeet: 0
pid - tpi: 36.0057
pid - current_pos: 0
pid - voltiage: 0, 0
current start curve iterations: 0
prof - req move dist: inf
prof - amount move dist completed: 0
pid - targeet: 0
pid - tpi: 36.0057
pid - current_pos: 0
pid - voltiage: 0, 0
current start curve iterations: 0
prof - req move dist: inf
prof - amount move dist completed: 0
pid - targeet: 0
pid - tpi: 36.0057
pid - current_pos: 0
pid - voltiage: 0, 0
current start curve iterations: 0
prof - req move dist: inf
prof - amount move dist completed: 0
pid - targeet: 0
pid - tpi: 36.0057
pid - current_pos: 0
pid - voltiage: 0, 0
current start curve iterations: 0
prof - req move dist: inf
prof - amount move dist completed: 0
pid - targeet: 0
pid - tpi: 36.0057
pid - current_pos: 0
pid - voltiage: 0, 0
current start curve iterations: 0
prof - req move dist: inf
prof - amount move dist completed: 0
pid - targeet: 0
pid - tpi: 36.0057
pid - current_pos: 0
pid - voltiage: 0, 0
current start curve iterations: 0
prof - req move dist: inf
prof - amount move dist completed: 0
pid - targeet: 0
pid - tpi: 36.0057
pid - current_pos: 0
pid - voltiage: 0, 0
current start curve iterations: 0
prof - req move dist: inf
prof - amount move dist completed: 0
pid - targeet: 0
pid - tpi: 36.0057
pid - current_pos: 0
pid - voltiage: 0, 0
current start curve iterations: 0
prof - req move dist: inf
prof - amount move dist completed: 0
pid - targeet: 0
pid - tpi: 36.0057
pid - current_pos: 0
pid - voltiage: 0, 0
current start curve iterations: 0
prof - req move dist: inf
prof - amount move dist completed: 0
pid - targeet: 0
pid - tpi: 36.0057
pid - current_pos: 0
pid - voltiage: 0, 0
current start curve iterations: 0
prof - req move dist: inf
prof - amount move dist completed: 0
pid - targeet: 0
pid - tpi: 36.0057
pid - current_pos: 0
pid - voltiage: 0, 0
current start curve iterations: 0
prof - req move dist: inf
prof - amount move dist completed: 0
pid - targeet: 0
pid - tpi: 36.0057
pid - current_pos: 0
pid - voltiage: 0, 0
current start curve iterations: 0
prof - req move dist: inf
prof - amount move dist completed: 0
pid - targeet: 0
pid - tpi: 36.0057
pid - current_pos: 0
pid - voltiage: 0, 0
current start curve iterations: 0
prof - req move dist: inf
prof - amount move dist completed: 0
pid - targeet: 0
pid - tpi: 36.0057
pid - current_pos: 0
pid - voltiage: 0, 0
current start curve iterations: 0
prof - req move dist: inf
prof - amount move dist completed: 0
pid - targeet: 0
pid - tpi: 36.0057
pid - current_pos: 0
pid - voltiage: 0, 0
current start curve iterations: 0
prof - req move dist: inf
prof - amount move dist completed: 0
pid - targeet: 0
pid - tpi: 36.0057
pid - current_pos: 0
pid - voltiage: 0, 0
current start curve iterations: 0
prof - req move dist: inf
prof - amount move dist completed: 0
pid - targeet: 0
pid - tpi: 36.0057
pid - current_pos: 0
pid - voltiage: 0, 0
current start curve iterations: 0
prof - req move dist: inf
prof - amount move dist completed: 0
pid - targeet: 0
pid - tpi: 36.0057
pid - current_pos: 0
pid - voltiage: 0, 0
current start curve iterations: 0
prof - req move dist: inf
prof - amount move dist completed: 0
pid - targeet: 0
pid - tpi: 36.0057
pid - current_pos: 0
pid - voltiage: 0, 0
current start curve iterations: 0
prof - req move dist: inf
prof - amount move dist completed: 0
pid - targeet: 0
pid - tpi: 36.0057
pid - current_pos: 0
pid - voltiage: 0, 0
current start curve iterations: 0
prof - req move dist: inf
prof - amount move dist completed: 0
pid - targeet: 0
pid - tpi: 36.0057
pid - current_pos: 0
pid - voltiage: 0, 0
current start curve iterations: 0
prof - req move dist: inf
prof - amount move dist completed: 0
pid - targeet: 0
pid - tpi: 36.0057
pid - current_pos: 0
pid - voltiage: 0, 0
current start curve iterations: 0
prof - req move dist: inf
prof - amount move dist completed: 0
pid - targeet: 0
pid - tpi: 36.0057
pid - current_pos: 0
pid - voltiage: 0, 0
current start curve iterations: 0
prof - req move dist: inf
prof - amount move dist completed: 0
pid - targeet: 0
pid - tpi: 36.0057
pid - current_pos: 0
pid - voltiage: 0, 0
current start curve iterations: 0
prof - req move dist: inf
prof - amount move dist completed: 0
pid - targeet: 0
pid - tpi: 36.0057
pid - current_pos: 0
pid - voltiage: 0, 0
current start curve iterations: 0
prof - req move dist: inf
prof - amount move dist completed: 0
pid - targeet: 0
pid - tpi: 36.0057
pid - current_pos: 0
pid - voltiage: 0, 0
current start curve iterations: 0
prof - req move dist: inf
prof - amount move dist completed: 0
pid - targeet: 0
pid - tpi: 36.0057
pid - current_pos: 0
pid - voltiage: 0, 0
current start curve iterations: 0
prof - req move dist: inf
prof - amount move dist completed: 0
pid - targeet: 0
pid - tpi: 36.0057
pid - current_pos: 0
pid - voltiage: 0, 0
current start curve iterations: 0
prof - req move dist: inf
prof - amount move dist completed: 0
pid - targeet: 0
pid - tpi: 36.0057
pid - current_pos: 0
pid - voltiage: 0, 0
current start curve iterations: 0
prof - req move dist: inf
prof - amount move dist completed: 0
pid - targeet: 0
pid - tpi: 36.0057
pid - current_pos: 0
pid - voltiage: 0, 0
current start curve iterations: 0
prof - req move dist: inf
prof - amount move dist completed: 0
pid - targeet: 0
pid - tpi: 36.0057
pid - current_pos: 0
pid - voltiage: 0, 0
current start curve iterations: 0
prof - req move dist: inf
prof - amount move dist completed: 0
pid - targeet: 0
pid - tpi: 36.0057
pid - current_pos: 0
pid - voltiage: 0, 0
current start curve iterations: 0
prof - req move dist: inf
prof - amount move dist completed: 0
pid - targeet: 0
pid - tpi: 36.0057
pid - current_pos: 0
pid - voltiage: 0, 0
current start curve iterations: 0
prof - req move dist: inf
prof - amount move dist completed: 0
pid - targeet: 0
pid - tpi: 36.0057
pid - current_pos: 0
pid - voltiage: 0, 0
current start curve iterations: 0
prof - req move dist: inf
prof - amount move dist completed: 0
pid - targeet: 0
pid - tpi: 36.0057
pid - current_pos: 0
pid - voltiage: 0, 0
current start curve iterations: 0
prof - req move dist: inf
prof - amount move dist completed: 0
pid - targeet: 0
pid - tpi: 36.0057
pid - current_pos: 0
pid - voltiage: 0, 0
current start curve iterations: 0
prof - req move dist: inf
prof - amount move dist completed: 0
pid - targeet: 0
pid - tpi: 36.0057
pid - current_pos: 0
pid - voltiage: 0, 0
current start curve iterations: 0
prof - req move dist: inf
prof - amount move dist completed: 0
pid - targeet: 0
pid - tpi: 36.0057
pid - current_pos: 0
pid - voltiage: 0, 0
current start curve iterations: 0
prof - req move dist: inf
prof - amount move dist completed: 0
pid - targeet: 0
pid - tpi: 36.0057
pid - current_pos: 0
pid - voltiage: 0, 0
current start curve iterations: 0
prof - req move dist: inf
prof - amount move dist completed: 0
pid - targeet: 0
pid - tpi: 36.0057
pid - current_pos: 0
pid - voltiage: 0, 0
current start curve iterations: 0
prof - req move dist: inf
prof - amount move dist completed: 0
pid - targeet: 0
pid - tpi: 36.0057
pid - current_pos: 0
pid - voltiage: 0, 0
current start curve iterations: 0
prof - req move dist: inf
prof - amount move dist completed: 0
pid - targeet: 0
pid - tpi: 36.0057
pid - current_pos: 0
pid - voltiage: 0, 0
current start curve iterations: 0
prof - req move dist: inf
prof - amount move dist completed: 0
pid - targeet: 0
pid - tpi: 36.0057
pid - current_pos: 0
pid - voltiage: 0, 0
current start curve iterations: 0
prof - req move dist: inf
prof - amount move dist completed: 0
pid - targeet: 0
pid - tpi: 36.0057
pid - current_pos: 0
pid - voltiage: 0, 0
current start curve iterations: 0
prof - req move dist: inf
prof - amount move dist completed: 0
pid - targeet: 0
pid - tpi: 36.0057
pid - current_pos: 0
pid - voltiage: 0, 0
current start curve iterations: 0
prof - req move dist: inf
prof - amount move dist completed: 0
pid - targeet: 0
pid - tpi: 36.0057
pid - current_pos: 0
pid - voltiage: 0, 0
current start curve iterations: 0
prof - req move dist: inf
prof - amount move dist completed: 0
pid - targeet: 0
pid - tpi: 36.0057
pid - current_pos: 0
pid - voltiage: 0, 0
current start curve iterations: 0
prof - req move dist: inf
prof - amount move dist completed: 0
pid - targeet: 0
pid - tpi: 36.0057
pid - current_pos: 0
pid - voltiage: 0, 0
current start curve iterations: 0
prof - req move dist: inf
prof - amount move dist completed: 0
pid - targeet: 0
pid - tpi: 36.0057
pid - current_pos: 0
pid - voltiage: 0, 0
current start curve iterations: 0
prof - req move dist: inf
prof - amount move dist completed: 0
pid - targeet: 0
pid - tpi: 36.0057
pid - current_pos: 0
pid - voltiage: 0, 0
current start curve iterations: 0
prof - req move dist: inf
prof - amount move dist completed: 0
pid - targeet: 0
pid - tpi: 36.0057
pid - current_pos: 0
pid - voltiage: 0, 0
current start curve iterations: 0
prof - req move dist: inf
prof - amount move dist completed: 0
pid - targeet: 0
pid - tpi: 36.0057
pid - current_pos: 0
pid - voltiage: 0, 0
current start curve iterations: 0
prof - req move dist: inf
prof - amount move dist completed: 0
pid - targeet: 0
pid - tpi: 36.0057
pid - current_pos: 0
pid - voltiage: 0, 0
current start curve iterations: 0
prof - req move dist: inf
prof - amount move dist completed: 0
pid - targeet: 0
pid - tpi: 36.0057
pid - current_pos: 0
pid - voltiage: 0, 0
current start curve iterations: 0
prof - req move dist: inf
prof - amount move dist completed: 0
pid - targeet: 0
pid - tpi: 36.0057
pid - current_pos: 0
pid - voltiage: 0, 0
current start curve iterations: 0
prof - req move dist: inf
prof - amount move dist completed: 0
pid - targeet: 0
pid - tpi: 36.0057
pid - current_pos: 0
pid - voltiage: 0, 0
current start curve iterations: 0
prof - req move dist: inf
prof - amount move dist completed: 0
pid - targeet: 0
pid - tpi: 36.0057
pid - current_pos: 0
pid - voltiage: 0, 0
current start curve iterations: 0
prof - req move dist: inf
prof - amount move dist completed: 0
pid - targeet: 0
pid - tpi: 36.0057
pid - current_pos: 0
pid - voltiage: 0, 0
current start curve iterations: 0
prof - req move dist: inf
prof - amount move dist completed: 0
pid - targeet: 0
pid - tpi: 36.0057
pid - current_pos: 0
pid - voltiage: 0, 0
current start curve iterations: 0
prof - req move dist: inf
prof - amount move dist completed: 0
pid - targeet: 0
pid - tpi: 36.0057
pid - current_pos: 0
pid - voltiage: 0, 0
current start curve iterations: 0
prof - req move dist: inf
prof - amount move dist completed: 0
pid - targeet: 0
pid - tpi: 36.0057
pid - current_pos: 0
pid - voltiage: 0, 0
current start curve iterations: 0
prof - req move dist: inf
prof - amount move dist completed: 0
pid - targeet: 0
pid - tpi: 36.0057
pid - current_pos: 0
pid - voltiage: 0, 0
current start curve iterations: 0
prof - req move dist: inf
prof - amount move dist completed: 0
pid - targeet: 0
pid - tpi: 36.0057
pid - current_pos: 0
pid - voltiage: 0, 0
current start curve iterations: 0
prof - req move dist: inf
prof - amount move dist completed: 0
pid - targeet: 0
pid - tpi: 36.0057
pid - current_pos: 0
pid - voltiage: 0, 0
current start curve iterations: 0
prof - req move dist: inf
prof - amount move dist completed: 0
pid - targeet: 0
pid - tpi: 36.0057
pid - current_pos: 0
pid - voltiage: 0, 0
current start curve iterations: 0
prof - req move dist: inf
prof - amount move dist completed: 0
pid - targeet: 0
pid - tpi: 36.0057
pid - current_pos: 0
pid - voltiage: 0, 0
current start curve iterations: 0
prof - req move dist: inf
prof - amount move dist completed: 0
pid - targeet: 0
pid - tpi: 36.0057
pid - current_pos: 0
pid - voltiage: 0, 0
current start curve iterations: 0
prof - req move dist: inf
prof - amount move dist completed: 0
pid - targeet: 0
pid - tpi: 36.0057
pid - current_pos: 0
pid - voltiage: 0, 0
current start curve iterations: 0
prof - req move dist: inf
prof - amount move dist completed: 0
pid - targeet: 0
pid - tpi: 36.0057
pid - current_pos: 0
pid - voltiage: 0, 0
current start curve iterations: 0
prof - req move dist: inf
prof - amount move dist completed: 0
pid - targeet: 0
pid - tpi: 36.0057
pid - current_pos: 0
pid - voltiage: 0, 0
current start curve iterations: 0
prof - req move dist: inf
prof - amount move dist completed: 0
pid - targeet: 0
pid - tpi: 36.0057
pid - current_pos: 0
pid - voltiage: 0, 0
current start curve iterations: 0
prof - req move dist: inf
prof - amount move dist completed: 0
pid - targeet: 0
pid - tpi: 36.0057
pid - current_pos: 0
pid - voltiage: 0, 0
current start curve iterations: 0
prof - req move dist: inf
prof - amount move dist completed: 0
pid - targeet: 0
pid - tpi: 36.0057
pid - current_pos: 0
pid - voltiage: 0, 0
current start curve iterations: 0
prof - req move dist: inf
prof - amount move dist completed: 0
pid - targeet: 0
pid - tpi: 36.0057
pid - current_pos: 0
pid - voltiage: 0, 0
current start curve iterations: 0
prof - req move dist: inf
prof - amount move dist completed: 0
pid - targeet: 0
pid - tpi: 36.0057
pid - current_pos: 0
pid - voltiage: 0, 0
current start curve iterations: 0
prof - req move dist: inf
prof - amount move dist completed: 0
pid - targeet: 0
pid - tpi: 36.0057
pid - current_pos: 0
pid - voltiage: 0, 0
current start curve iterations: 0
prof - req move dist: inf
prof - amount move dist completed: 0
pid - targeet: 0
pid - tpi: 36.0057
pid - current_pos: 0
pid - voltiage: 0, 0
current start curve iterations: 0
prof - req move dist: inf
prof - amount move dist completed: 0
pid - targeet: 0
pid - tpi: 36.0057
pid - current_pos: 0
pid - voltiage: 0, 0
current start curve iterations: 0
prof - req move dist: inf
prof - amount move dist completed: 0
pid - targeet: 0
pid - tpi: 36.0057
pid - current_pos: 0
pid - voltiage: 0, 0
current start curve iterations: 0
prof - req move dist: inf
prof - amount move dist completed: 0
pid - targeet: 0
pid - tpi: 36.0057
pid - current_pos: 0
pid - voltiage: 0, 0
current start curve iterations: 0
prof - req move dist: inf
prof - amount move dist completed: 0
pid - targeet: 0
pid - tpi: 36.0057
pid - current_pos: 0
pid - voltiage: 0, 0
current start curve iterations: 0
prof - req move dist: inf
prof - amount move dist completed: 0
pid - targeet: 0
pid - tpi: 36.0057
pid - current_pos: 0
pid - voltiage: 0, 0
current start curve iterations: 0
prof - req move dist: inf
prof - amount move dist completed: 0
pid - targeet: 0
pid - tpi: 36.0057
pid - current_pos: 0
pid - voltiage: 0, 0
current start curve iterations: 0
prof - req move dist: inf
prof - amount move dist completed: 0
pid - targeet: 0
pid - tpi: 36.0057
pid - current_pos: 0
pid - voltiage: 0, 0
current start curve iterations: 0
prof - req move dist: inf
prof - amount move dist completed: 0
pid - targeet: 0
pid - tpi: 36.0057
pid - current_pos: 0
pid - voltiage: 0, 0
current start curve iterations: 0
prof - req move dist: inf
prof - amount move dist completed: 0
pid - targeet: 0
pid - tpi: 36.0057
pid - current_pos: 0
pid - voltiage: 0, 0
current start curve iterations: 0
prof - req move dist: inf
prof - amount move dist completed: 0
pid - targeet: 0
pid - tpi: 36.0057
pid - current_pos: 0
pid - voltiage: 0, 0
current start curve iterations: 0
prof - req move dist: inf
prof - amount move dist completed: 0
pid - targeet: 0
pid - tpi: 36.0057
pid - current_pos: 0
pid - voltiage: 0, 0
current start curve iterations: 0
prof - req move dist: inf
prof - amount move dist completed: 0
pid - targeet: 0
pid - tpi: 36.0057
pid - current_pos: 0
pid - voltiage: 0, 0
current start curve iterations: 0
prof - req move dist: inf
prof - amount move dist completed: 0
pid - targeet: 0
pid - tpi: 36.0057
pid - current_pos: 0
pid - voltiage: 0, 0
current start curve iterations: 0
prof - req move dist: inf
prof - amount move dist completed: 0
pid - targeet: 0
pid - tpi: 36.0057
pid - current_pos: 0
pid - voltiage: 0, 0
current start curve iterations: 0
prof - req move dist: inf
prof - amount move dist completed: 0
pid - targeet: 0
pid - tpi: 36.0057
pid - current_pos: 0
pid - voltiage: 0, 0
current start curve iterations: 0
prof - req move dist: inf
prof - amount move dist completed: 0
pid - targeet: 0
pid - tpi: 36.0057
pid - current_pos: 0
pid - voltiage: 0, 0
current start curve iterations: 0
prof - req move dist: inf
prof - amount move dist completed: 0
pid - targeet: 0
pid - tpi: 36.0057
pid - current_pos: 0
pid - voltiage: 0, 0
current start curve iterations: 0
prof - req move dist: inf
prof - amount move dist completed: 0
pid - targeet: 0
pid - tpi: 36.0057
pid - current_pos: 0
pid - voltiage: 0, 0
current start curve iterations: 0
prof - req move dist: inf
prof - amount move dist completed: 0
pid - targeet: 0
pid - tpi: 36.0057
pid - current_pos: 0
pid - voltiage: 0, 0
current start curve iterations: 0
prof - req move dist: inf
prof - amount move dist completed: 0
pid - targeet: 0
pid - tpi: 36.0057
pid - current_pos: 0
pid - voltiage: 0, 0
current start curve iterations: 0
prof - req move dist: inf
prof - amount move dist completed: 0
pid - targeet: 0
pid - tpi: 36.0057
pid - current_pos: 0
pid - voltiage: 0, 0
current start curve iterations: 0
prof - req move dist: inf
prof - amount move dist completed: 0
pid - targeet: 0
pid - tpi: 36.0057
pid - current_pos: 0
pid - voltiage: 0, 0
current start curve iterations: 0
prof - req move dist: inf
prof - amount move dist completed: 0
pid - targeet: 0
pid - tpi: 36.0057
pid - current_pos: 0
pid - voltiage: 0, 0
current start curve iterations: 0
prof - req move dist: inf
prof - amount move dist completed: 0
pid - targeet: 0
pid - tpi: 36.0057
pid - current_pos: 0
pid - voltiage: 0, 0
current start curve iterations: 0
prof - req move dist: inf
prof - amount move dist completed: 0
pid - targeet: 0
pid - tpi: 36.0057
pid - current_pos: 0
pid - voltiage: 0, 0
current start curve iterations: 0
prof - req move dist: inf
prof - amount move dist completed: 0
pid - targeet: 0
pid - tpi: 36.0057
pid - current_pos: 0
pid - voltiage: 0, 0
current start curve iterations: 0
prof - req move dist: inf
prof - amount move dist completed: 0
pid - targeet: 0
pid - tpi: 36.0057
pid - current_pos: 0
pid - voltiage: 0, 0
current start curve iterations: 0
prof - req move dist: inf
prof - amount move dist completed: 0
pid - targeet: 0
pid - tpi: 36.0057
pid - current_pos: 0
pid - voltiage: 0, 0
current start curve iterations: 0
prof - req move dist: inf
prof - amount move dist completed: 0
pid - targeet: 0
pid - tpi: 36.0057
pid - current_pos: 0
pid - voltiage: 0, 0
current start curve iterations: 0
prof - req move dist: inf
prof - amount move dist completed: 0
pid - targeet: 0
pid - tpi: 36.0057
pid - current_pos: 0
pid - voltiage: 0, 0
current start curve iterations: 0
prof - req move dist: inf
prof - amount move dist completed: 0
pid - targeet: 0
pid - tpi: 36.0057
pid - current_pos: 0
pid - voltiage: 0, 0
current start curve iterations: 0
prof - req move dist: inf
prof - amount move dist completed: 0
pid - targeet: 0
pid - tpi: 36.0057
pid - current_pos: 0
pid - voltiage: 0, 0
current start curve iterations: 0
prof - req move dist: inf
prof - amount move dist completed: 0
pid - targeet: 0
pid - tpi: 36.0057
pid - current_pos: 0
pid - voltiage: 0, 0
current start curve iterations: 0
prof - req move dist: inf
prof - amount move dist completed: 0
pid - targeet: 0
pid - tpi: 36.0057
pid - current_pos: 0
pid - voltiage: 0, 0
current start curve iterations: 0
prof - req move dist: inf
prof - amount move dist completed: 0
pid - targeet: 0
pid - tpi: 36.0057
pid - current_pos: 0
pid - voltiage: 0, 0
current start curve iterations: 0
prof - req move dist: inf
prof - amount move dist completed: 0
pid - targeet: 0
pid - tpi: 36.0057
pid - current_pos: 0
pid - voltiage: 0, 0
current start curve iterations: 0
prof - req move dist: inf
prof - amount move dist completed: 0
pid - targeet: 0
pid - tpi: 36.0057
pid - current_pos: 0
pid - voltiage: 0, 0
current start curve iterations: 0
prof - req move dist: inf
prof - amount move dist completed: 0
pid - targeet: 0
pid - tpi: 36.0057
pid - current_pos: 0
pid - voltiage: 0, 0
current start curve iterations: 0
prof - req move dist: inf
prof - amount move dist completed: 0
pid - targeet: 0
pid - tpi: 36.0057
pid - current_pos: 0
pid - voltiage: 0, 0
current start curve iterations: 0
prof - req move dist: inf
prof - amount move dist completed: 0
pid - targeet: 0
pid - tpi: 36.0057
pid - current_pos: 0
pid - voltiage: 0, 0
current start curve iterations: 0
prof - req move dist: inf
prof - amount move dist completed: 0
pid - targeet: 0
pid - tpi: 36.0057
pid - current_pos: 0
pid - voltiage: 0, 0
current start curve iterations: 0
prof - req move dist: inf
prof - amount move dist completed: 0
pid - targeet: 0
pid - tpi: 36.0057
pid - current_pos: 0
pid - voltiage: 0, 0
current start curve iterations: 0
prof - req move dist: inf
prof - amount move dist completed: 0
pid - targeet: 0
pid - tpi: 36.0057
pid - current_pos: 0
pid - voltiage: 0, 0
current start curve iterations: 0
prof - req move dist: inf
prof - amount move dist completed: 0
pid - targeet: 0
pid - tpi: 36.0057
pid - current_pos: 0
pid - voltiage: 0, 0
current start curve iterations: 0
prof - req move dist: inf
prof - amount move dist completed: 0
pid - targeet: 0
pid - tpi: 36.0057
pid - current_pos: 0
pid - voltiage: 0, 0
current start curve iterations: 0
prof - req move dist: inf
prof - amount move dist completed: 0
pid - targeet: 0
pid - tpi: 36.0057
pid - current_pos: 0
pid - voltiage: 0, 0
current start curve iterations: 0
prof - req move dist: inf
prof - amount move dist completed: 0
pid - targeet: 0
pid - tpi: 36.0057
pid - current_pos: 0
pid - voltiage: 0, 0
current start curve iterations: 0
prof - req move dist: inf
prof - amount move dist completed: 0
pid - targeet: 0
pid - tpi: 36.0057
pid - current_pos: 0
pid - voltiage: 0, 0
current start curve iterations: 0
prof - req move dist: inf
prof - amount move dist completed: 0
pid - targeet: 0
pid - tpi: 36.0057
pid - current_pos: 0
pid - voltiage: 0, 0
current start curve iterations: 0
prof - req move dist: inf
prof - amount move dist completed: 0
pid - targeet: 0
pid - tpi: 36.0057
pid - current_pos: 0
pid - voltiage: 0, 0
current start curve iterations: 0
prof - req move dist: inf
prof - amount move dist completed: 0
pid - targeet: 0
pid - tpi: 36.0057
pid - current_pos: 0
pid - voltiage: 0, 0
current start curve iterations: 0
prof - req move dist: inf
prof - amount move dist completed: 0
pid - targeet: 0
pid - tpi: 36.0057
pid - current_pos: 0
pid - voltiage: 0, 0
current start curve iterations: 0
prof - req move dist: inf
prof - amount move dist completed: 0
we made it this far
beginning
yepyepyepyepyepyep
ended tasks!
imu reset started!
imu reset finished!
imu!
auton!
yepyepyepyepyepyepyep
start: 
current start curve iterations: 0
prof - req move dist: 6.04601e-291
prof - amount move dist completed: 0
pid - targeet: 0
pid - tpi: 36.0057
pid - current_pos: 0
pid - voltiage: 0, 0
move_req - injecting >> 2219
current start curve iterations: 1
prof - req move dist: 30
prof - amount move dist completed: 0
pid - targeet: 4.3326e-08
pid - tpi: 36.0057
pid - current_pos: 0
pid - voltiage: 5.45994e-06, -5.45994e-06
prof - req move dist: 30
prof - amount move dist completed: 0
pid - targeet: 9.64152e-08
pid - tpi: 36.0057
pid - current_pos: 0
pid - voltiage: 1.21502e-05, -9.68953e-06
prof - req move dist: 30
prof - amount move dist completed: 9.76314e-09
pid - targeet: 0.00500018
pid - tpi: 36.0057
pid - current_pos: 0
pid - voltiage: 0.630123, 0.630078
prof - req move dist: 30
prof - amount move dist completed: 0.00500001
pid - targeet: 0.0100003
pid - tpi: 36.0057
pid - current_pos: 0
pid - voltiage: 1.26023, 1.26017
prof - req move dist: 30
prof - amount move dist completed: 0.01
pid - targeet: 0.0150004
pid - tpi: 36.0057
pid - current_pos: 0
pid - voltiage: 1.89035, 1.89025
prof - req move dist: 30
prof - amount move dist completed: 0.015
pid - targeet: 0.0200005
pid - tpi: 36.0057
pid - current_pos: 0
pid - voltiage: 2.52047, 2.52033
prof - req move dist: 30
prof - amount move dist completed: 0.02
pid - targeet: 0.0250007
pid - tpi: 36.0057
pid - current_pos: 0
pid - voltiage: 3.15059, 3.15041
prof - req move dist: 30
prof - amount move dist completed: 0.025
pid - targeet: 0.0300009
pid - tpi: 36.0057
pid - current_pos: 0
pid - voltiage: 3.78071, 3.78048
prof - req move dist: 30
prof - amount move dist completed: 0.03
pid - targeet: 0.0350011
pid - tpi: 36.0057
pid - current_pos: 0
pid - voltiage: 4.41084, 4.41055
prof - req move dist: 30
prof - amount move dist completed: 0.035
pid - targeet: 0.0400014
pid - tpi: 36.0057
pid - current_pos: 0
pid - voltiage: 5.04097, 5.04062
prof - req move dist: 30
prof - amount move dist completed: 0.04
pid - targeet: 0.0450017
pid - tpi: 36.0057
pid - current_pos: 1
pid - voltiage: 2.1711, 5.67069
prof - req move dist: 30
prof - amount move dist completed: 0.045
pid - targeet: 0.0500019
pid - tpi: 36.0057
pid - current_pos: 1
pid - voltiage: 2.80124, 6.30075
prof - req move dist: 30
prof - amount move dist completed: 0.05
pid - targeet: 0.0550023
pid - tpi: 36.0057
pid - current_pos: 1
pid - voltiage: 3.43138, 6.93081
prof - req move dist: 30
prof - amount move dist completed: 0.055
pid - targeet: 0.0600026
pid - tpi: 36.0057
pid - current_pos: 1
pid - voltiage: 4.06152, 7.56086
prof - req move dist: 30
prof - amount move dist completed: 0.06
pid - targeet: 0.065003
pid - tpi: 36.0057
pid - current_pos: 1
pid - voltiage: 4.69167, 8.19091
prof - req move dist: 30
prof - amount move dist completed: 0.065
pid - targeet: 0.0650056
pid - tpi: 36.0057
pid - current_pos: 1
pid - voltiage: 4.692, 8.19114
prof - req move dist: 30
prof - amount move dist completed: 0.0650022
pid - targeet: 0.0650083
pid - tpi: 36.0057
pid - current_pos: 1
pid - voltiage: 4.69233, 8.19136
prof - req move dist: 30
prof - amount move dist completed: 0.0650044
pid - targeet: 0.0650109
pid - tpi: 36.0057
pid - current_pos: 1
pid - voltiage: 4.69266, 8.19158
prof - req move dist: 30
prof - amount move dist completed: 0.0650066
pid - targeet: 0.0650136
pid - tpi: 36.0057
pid - current_pos: 2
pid - voltiage: 1.193, 8.1918
prof - req move dist: 30
prof - amount move dist completed: 0.0650088
pid - targeet: 0.0650162
pid - tpi: 36.0057
pid - current_pos: 2
pid - voltiage: 1.19333, 8.19202
prof - req move dist: 30
prof - amount move dist completed: 0.065011
pid - targeet: 0.0650188
pid - tpi: 36.0057
pid - current_pos: 2
pid - voltiage: 1.19366, 8.19224
prof - req move dist: 30
prof - amount move dist completed: 0.0650132
pid - targeet: 0.0650215
pid - tpi: 36.0057
pid - current_pos: 2
pid - voltiage: 1.19399, 8.19247
prof - req move dist: 30
prof - amount move dist completed: 0.0650154
pid - targeet: 0.0650241
pid - tpi: 36.0057
pid - current_pos: 2
pid - voltiage: 1.19433, 8.19269
prof - req move dist: 30
prof - amount move dist completed: 0.0650176
pid - targeet: 0.0650267
pid - tpi: 36.0057
pid - current_pos: 2
pid - voltiage: 1.19466, 8.19291
prof - req move dist: 30
prof - amount move dist completed: 0.0650198
pid - targeet: 0.0650294
pid - tpi: 36.0057
pid - current_pos: 2
pid - voltiage: 1.195, 8.19313
prof - req move dist: 30
prof - amount move dist completed: 0.065022
pid - targeet: 0.0650321
pid - tpi: 36.0057
pid - current_pos: 2
pid - voltiage: 1.19534, 8.19334
prof - req move dist: 30
prof - amount move dist completed: 0.0650242
pid - targeet: 0.0650349
pid - tpi: 36.0057
pid - current_pos: 2
pid - voltiage: 1.19569, 8.19354
prof - req move dist: 30
prof - amount move dist completed: 0.0650264
pid - targeet: 0.0650377
pid - tpi: 36.0057
pid - current_pos: 2
pid - voltiage: 1.19605, 8.19374
prof - req move dist: 30
prof - amount move dist completed: 0.0650286
pid - targeet: 0.0650407
pid - tpi: 36.0057
pid - current_pos: 2
pid - voltiage: 1.19642, 8.19393
prof - req move dist: 30
prof - amount move dist completed: 0.0650308
pid - targeet: 0.0650436
pid - tpi: 36.0057
pid - current_pos: 2
pid - voltiage: 1.19679, 8.19411
prof - req move dist: 30
prof - amount move dist completed: 0.065033
pid - targeet: 0.0650466
pid - tpi: 36.0057
pid - current_pos: 2
pid - voltiage: 1.19717, 8.19428
prof - req move dist: 30
prof - amount move dist completed: 0.0650352
pid - targeet: 0.0650497
pid - tpi: 36.0057
pid - current_pos: 2
pid - voltiage: 1.19755, 8.19445
prof - req move dist: 30
prof - amount move dist completed: 0.0650374
pid - targeet: 0.0650528
pid - tpi: 36.0057
pid - current_pos: 2
pid - voltiage: 1.19794, 8.19461
prof - req move dist: 30
prof - amount move dist completed: 0.0650396
pid - targeet: 0.0650559
pid - tpi: 36.0057
pid - current_pos: 2
pid - voltiage: 1.19834, 8.19477
prof - req move dist: 30
prof - amount move dist completed: 0.0650418
pid - targeet: 0.0650591
pid - tpi: 36.0057
pid - current_pos: 2
pid - voltiage: 1.19874, 8.19493
prof - req move dist: 30
prof - amount move dist completed: 0.065044
pid - targeet: 0.0650623
pid - tpi: 36.0057
pid - current_pos: 2
pid - voltiage: 1.19914, 8.19508
prof - req move dist: 30
prof - amount move dist completed: 0.0650462
pid - targeet: 0.0650655
pid - tpi: 36.0057
pid - current_pos: 2
pid - voltiage: 1.19955, 8.19523
prof - req move dist: 30
prof - amount move dist completed: 0.0650484
pid - targeet: 0.0650688
pid - tpi: 36.0057
pid - current_pos: 2
pid - voltiage: 1.19995, 8.19537
prof - req move dist: 30
prof - amount move dist completed: 0.0650506
pid - targeet: 0.065072
pid - tpi: 36.0057
pid - current_pos: 2
pid - voltiage: 1.20037, 8.19551
prof - req move dist: 30
prof - amount move dist completed: 0.0650528
pid - targeet: 0.0650753
pid - tpi: 36.0057
pid - current_pos: 2
pid - voltiage: 1.20078, 8.19565
prof - req move dist: 30
prof - amount move dist completed: 0.065055
pid - targeet: 0.0650787
pid - tpi: 36.0057
pid - current_pos: 2
pid - voltiage: 1.20121, 8.19578
prof - req move dist: 30
prof - amount move dist completed: 0.0650572
pid - targeet: 0.065082
pid - tpi: 36.0057
pid - current_pos: 2
pid - voltiage: 1.20163, 8.19592
prof - req move dist: 30
prof - amount move dist completed: 0.0650594
pid - targeet: 0.0650855
pid - tpi: 36.0057
pid - current_pos: 2
pid - voltiage: 1.20206, 8.19604
prof - req move dist: 30
prof - amount move dist completed: 0.0650616
pid - targeet: 0.0650889
pid - tpi: 36.0057
pid - current_pos: 2
pid - voltiage: 1.2025, 8.19616
prof - req move dist: 30
prof - amount move dist completed: 0.0650638
pid - targeet: 0.0650924
pid - tpi: 36.0057
pid - current_pos: 2
pid - voltiage: 1.20294, 8.19627
prof - req move dist: 30
prof - amount move dist completed: 0.065066
pid - targeet: 0.065096
pid - tpi: 36.0057
pid - current_pos: 2
pid - voltiage: 1.20338, 8.19638
prof - req move dist: 30
prof - amount move dist completed: 0.0650682
pid - targeet: 0.0650996
pid - tpi: 36.0057
pid - current_pos: 2
pid - voltiage: 1.20384, 8.19648
prof - req move dist: 30
prof - amount move dist completed: 0.0650704
pid - targeet: 0.0651031
pid - tpi: 36.0057
pid - current_pos: 2
pid - voltiage: 1.20429, 8.19658
prof - req move dist: 30
prof - amount move dist completed: 0.0650726
pid - targeet: 0.0651068
pid - tpi: 36.0057
pid - current_pos: 2
pid - voltiage: 1.20475, 8.19667
prof - req move dist: 30
prof - amount move dist completed: 0.0650748
pid - targeet: 0.0651105
pid - tpi: 36.0057
pid - current_pos: 2
pid - voltiage: 1.20522, 8.19676
prof - req move dist: 30
prof - amount move dist completed: 0.065077
pid - targeet: 0.0651143
pid - tpi: 36.0057
pid - current_pos: 2
pid - voltiage: 1.20569, 8.19684
prof - req move dist: 30
prof - amount move dist completed: 0.0650792
pid - targeet: 0.065118
pid - tpi: 36.0057
pid - current_pos: 2
pid - voltiage: 1.20617, 8.19692
prof - req move dist: 30
prof - amount move dist completed: 0.0650814
pid - targeet: 0.0651219
pid - tpi: 36.0057
pid - current_pos: 2
pid - voltiage: 1.20665, 8.19699
prof - req move dist: 30
prof - amount move dist completed: 0.0650836
pid - targeet: 0.0651258
pid - tpi: 36.0057
pid - current_pos: 2
pid - voltiage: 1.20714, 8.19706
prof - req move dist: 30
prof - amount move dist completed: 0.0650858
pid - targeet: 0.0651297
pid - tpi: 36.0057
pid - current_pos: 2
pid - voltiage: 1.20764, 8.19711
prof - req move dist: 30
prof - amount move dist completed: 0.065088
pid - targeet: 0.0651337
pid - tpi: 36.0057
pid - current_pos: 2
pid - voltiage: 1.20813, 8.19717
prof - req move dist: 30
prof - amount move dist completed: 0.0650902
pid - targeet: 0.0651377
pid - tpi: 36.0057
pid - current_pos: 2
pid - voltiage: 1.20864, 8.19721
prof - req move dist: 30
prof - amount move dist completed: 0.0650924
pid - targeet: 0.0651417
pid - tpi: 36.0057
pid - current_pos: 2
pid - voltiage: 1.20915, 8.19726
prof - req move dist: 30
prof - amount move dist completed: 0.0650945
pid - targeet: 0.0651459
pid - tpi: 36.0057
pid - current_pos: 2
pid - voltiage: 1.20967, 8.19729
prof - req move dist: 30
prof - amount move dist completed: 0.0650967
pid - targeet: 0.06515
pid - tpi: 36.0057
pid - current_pos: 2
pid - voltiage: 1.21019, 8.19733
prof - req move dist: 30
prof - amount move dist completed: 0.0650989
pid - targeet: 0.0651542
pid - tpi: 36.0057
pid - current_pos: 2
pid - voltiage: 1.21072, 8.19735
prof - req move dist: 30
prof - amount move dist completed: 0.0651011
pid - targeet: 0.0651584
pid - tpi: 36.0057
pid - current_pos: 2
pid - voltiage: 1.21126, 8.19737
prof - req move dist: 30
prof - amount move dist completed: 0.0651033
pid - targeet: 0.0651628
pid - tpi: 36.0057
pid - current_pos: 2
pid - voltiage: 1.2118, 8.19738
prof - req move dist: 30
prof - amount move dist completed: 0.0651055
pid - targeet: 0.0651671
pid - tpi: 36.0057
pid - current_pos: 2
pid - voltiage: 1.21234, 8.19739
prof - req move dist: 30
prof - amount move dist completed: 0.0651077
pid - targeet: 0.0651715
pid - tpi: 36.0057
pid - current_pos: 2
pid - voltiage: 1.2129, 8.19739
prof - req move dist: 30
prof - amount move dist completed: 0.0651099
pid - targeet: 0.0651759
pid - tpi: 36.0057
pid - current_pos: 2
pid - voltiage: 1.21346, 8.19739
prof - req move dist: 30
prof - amount move dist completed: 0.0651121
pid - targeet: 0.0651804
pid - tpi: 36.0057
pid - current_pos: 2
pid - voltiage: 1.21402, 8.19737
prof - req move dist: 30
prof - amount move dist completed: 0.0651143
pid - targeet: 0.0651849
pid - tpi: 36.0057
pid - current_pos: 2
pid - voltiage: 1.21459, 8.19736
prof - req move dist: 30
prof - amount move dist completed: 0.0651165
pid - targeet: 0.0651895
pid - tpi: 36.0057
pid - current_pos: 2
pid - voltiage: 1.21517, 8.19733
prof - req move dist: 30
prof - amount move dist completed: 0.0651187
pid - targeet: 0.0651941
pid - tpi: 36.0057
pid - current_pos: 2
pid - voltiage: 1.21576, 8.1973
prof - req move dist: 30
prof - amount move dist completed: 0.0651209
pid - targeet: 0.0651988
pid - tpi: 36.0057
pid - current_pos: 2
pid - voltiage: 1.21634, 8.19728
prof - req move dist: 30
prof - amount move dist completed: 0.0651231
pid - targeet: 0.0652034
pid - tpi: 36.0057
pid - current_pos: 2
pid - voltiage: 1.21692, 8.19725
prof - req move dist: 30
prof - amount move dist completed: 0.0651253
pid - targeet: 0.065208
pid - tpi: 36.0057
pid - current_pos: 2
pid - voltiage: 1.21751, 8.19722
prof - req move dist: 30
prof - amount move dist completed: 0.0651275
pid - targeet: 0.0652127
pid - tpi: 36.0057
pid - current_pos: 2
pid - voltiage: 1.21809, 8.19718
prof - req move dist: 30
prof - amount move dist completed: 0.0651297
pid - targeet: 0.0652174
pid - tpi: 36.0057
pid - current_pos: 2
pid - voltiage: 1.21869, 8.19714
prof - req move dist: 30
prof - amount move dist completed: 0.0651319
pid - targeet: 0.0652222
pid - tpi: 36.0057
pid - current_pos: 2
pid - voltiage: 1.21929, 8.1971
prof - req move dist: 30
prof - amount move dist completed: 0.0651341
pid - targeet: 0.0652269
pid - tpi: 36.0057
pid - current_pos: 2
pid - voltiage: 1.21989, 8.19705
prof - req move dist: 30
prof - amount move dist completed: 0.0651363
pid - targeet: 0.0652317
pid - tpi: 36.0057
pid - current_pos: 2
pid - voltiage: 1.22049, 8.19701
prof - req move dist: 30
prof - amount move dist completed: 0.0651385
pid - targeet: 0.0652365
pid - tpi: 36.0057
pid - current_pos: 2
pid - voltiage: 1.22109, 8.19696
prof - req move dist: 30
prof - amount move dist completed: 0.0651407
pid - targeet: 0.0652413
pid - tpi: 36.0057
pid - current_pos: 2
pid - voltiage: 1.22169, 8.19691
prof - req move dist: 30
prof - amount move dist completed: 0.0651429
pid - targeet: 0.0652461
pid - tpi: 36.0057
pid - current_pos: 2
pid - voltiage: 1.2223, 8.19686
prof - req move dist: 30
prof - amount move dist completed: 0.0651451
pid - targeet: 0.0652509
pid - tpi: 36.0057
pid - current_pos: 2
pid - voltiage: 1.2229, 8.19681
prof - req move dist: 30
prof - amount move dist completed: 0.0651473
pid - targeet: 0.0652556
pid - tpi: 36.0057
pid - current_pos: 2
pid - voltiage: 1.2235, 8.19676
prof - req move dist: 30
prof - amount move dist completed: 0.0651495
pid - targeet: 0.0652603
pid - tpi: 36.0057
pid - current_pos: 2
pid - voltiage: 1.2241, 8.19672
prof - req move dist: 30
prof - amount move dist completed: 0.0651517
pid - targeet: 0.0652652
pid - tpi: 36.0057
pid - current_pos: 2
pid - voltiage: 1.22471, 8.19666
prof - req move dist: 30
prof - amount move dist completed: 0.0651539
pid - targeet: 0.06527
pid - tpi: 36.0057
pid - current_pos: 2
pid - voltiage: 1.22532, 8.19661
prof - req move dist: 30
prof - amount move dist completed: 0.0651561
pid - targeet: 0.0652749
pid - tpi: 36.0057
pid - current_pos: 2
pid - voltiage: 1.22593, 8.19655
prof - req move dist: 30
prof - amount move dist completed: 0.0651583
pid - targeet: 0.0652797
pid - tpi: 36.0057
pid - current_pos: 2
pid - voltiage: 1.22654, 8.19649
prof - req move dist: 30
prof - amount move dist completed: 0.0651605
pid - targeet: 0.0652845
pid - tpi: 36.0057
pid - current_pos: 2
pid - voltiage: 1.22714, 8.19645
prof - req move dist: 30
prof - amount move dist completed: 0.0651627
pid - targeet: 0.0652893
pid - tpi: 36.0057
pid - current_pos: 2
pid - voltiage: 1.22775, 8.1964
prof - req move dist: 30
prof - amount move dist completed: 0.0651649
pid - targeet: 0.0652941
pid - tpi: 36.0057
pid - current_pos: 2
pid - voltiage: 1.22835, 8.19635
prof - req move dist: 30
prof - amount move dist completed: 0.0651671
pid - targeet: 0.0652989
pid - tpi: 36.0057
pid - current_pos: 2
pid - voltiage: 1.22895, 8.1963
prof - req move dist: 30
prof - amount move dist completed: 0.0651693
pid - targeet: 0.0653038
pid - tpi: 36.0057
pid - current_pos: 2
pid - voltiage: 1.22957, 8.19623
prof - req move dist: 30
prof - amount move dist completed: 0.0651715
pid - targeet: 0.0653087
pid - tpi: 36.0057
pid - current_pos: 2
pid - voltiage: 1.23019, 8.19617
prof - req move dist: 30
prof - amount move dist completed: 0.0651737
pid - targeet: 0.0653135
pid - tpi: 36.0057
pid - current_pos: 2
pid - voltiage: 1.2308, 8.19611
prof - req move dist: 30
prof - amount move dist completed: 0.0651759
pid - targeet: 0.0653184
pid - tpi: 36.0057
pid - current_pos: 2
pid - voltiage: 1.23141, 8.19606
prof - req move dist: 30
prof - amount move dist completed: 0.0651781
pid - targeet: 0.0653232
pid - tpi: 36.0057
pid - current_pos: 2
pid - voltiage: 1.23202, 8.196
prof - req move dist: 30
prof - amount move dist completed: 0.0651803
pid - targeet: 0.0653281
pid - tpi: 36.0057
pid - current_pos: 2
pid - voltiage: 1.23263, 8.19594
prof - req move dist: 30
prof - amount move dist completed: 0.0651825
pid - targeet: 0.0653329
pid - tpi: 36.0057
pid - current_pos: 2
pid - voltiage: 1.23324, 8.19589
prof - req move dist: 30
prof - amount move dist completed: 0.0651847
pid - targeet: 0.0653377
pid - tpi: 36.0057
pid - current_pos: 2
pid - voltiage: 1.23385, 8.19583
prof - req move dist: 30
prof - amount move dist completed: 0.0651869
pid - targeet: 0.0653426
pid - tpi: 36.0057
pid - current_pos: 2
pid - voltiage: 1.23446, 8.19578
prof - req move dist: 30
prof - amount move dist completed: 0.0651891
pid - targeet: 0.0653474
pid - tpi: 36.0057
pid - current_pos: 2
pid - voltiage: 1.23507, 8.19572
prof - req move dist: 30
prof - amount move dist completed: 0.0651913
pid - targeet: 0.0653523
pid - tpi: 36.0057
pid - current_pos: 2
pid - voltiage: 1.23569, 8.19566
prof - req move dist: 30
prof - amount move dist completed: 0.0651935
pid - targeet: 0.0653572
pid - tpi: 36.0057
pid - current_pos: 2
pid - voltiage: 1.2363, 8.1956
prof - req move dist: 30
prof - amount move dist completed: 0.0651957
pid - targeet: 0.0653621
pid - tpi: 36.0057
pid - current_pos: 2
pid - voltiage: 1.23692, 8.19553
prof - req move dist: 30
prof - amount move dist completed: 0.0651979
pid - targeet: 0.065367
pid - tpi: 36.0057
pid - current_pos: 2
pid - voltiage: 1.23754, 8.19547
prof - req move dist: 30
prof - amount move dist completed: 0.0652001
pid - targeet: 0.0653718
pid - tpi: 36.0057
pid - current_pos: 2
pid - voltiage: 1.23814, 8.19542
prof - req move dist: 30
prof - amount move dist completed: 0.0652023
pid - targeet: 0.0653766
pid - tpi: 36.0057
pid - current_pos: 2
pid - voltiage: 1.23874, 8.19537
prof - req move dist: 30
prof - amount move dist completed: 0.0652045
pid - targeet: 0.0653813
pid - tpi: 36.0057
pid - current_pos: 2
pid - voltiage: 1.23935, 8.19532
prof - req move dist: 30
prof - amount move dist completed: 0.0652067
pid - targeet: 0.0653861
pid - tpi: 36.0057
pid - current_pos: 2
pid - voltiage: 1.23995, 8.19527
prof - req move dist: 30
prof - amount move dist completed: 0.0652089
pid - targeet: 0.0653909
pid - tpi: 36.0057
pid - current_pos: 2
pid - voltiage: 1.24055, 8.19523
prof - req move dist: 30
prof - amount move dist completed: 0.0652111
pid - targeet: 0.0653956
pid - tpi: 36.0057
pid - current_pos: 2
pid - voltiage: 1.24115, 8.19519
prof - req move dist: 30
prof - amount move dist completed: 0.0652133
pid - targeet: 0.0654004
pid - tpi: 36.0057
pid - current_pos: 2
pid - voltiage: 1.24175, 8.19514
prof - req move dist: 30
prof - amount move dist completed: 0.0652155
pid - targeet: 0.0654052
pid - tpi: 36.0057
pid - current_pos: 2
pid - voltiage: 1.24235, 8.19509
prof - req move dist: 30
prof - amount move dist completed: 0.0652177
pid - targeet: 0.06541
pid - tpi: 36.0057
pid - current_pos: 2
pid - voltiage: 1.24296, 8.19504
prof - req move dist: 30
prof - amount move dist completed: 0.0652199
pid - targeet: 0.0654148
pid - tpi: 36.0057
pid - current_pos: 2
pid - voltiage: 1.24356, 8.19499
prof - req move dist: 30
prof - amount move dist completed: 0.0652221
pid - targeet: 0.0654195
pid - tpi: 36.0057
pid - current_pos: 2
pid - voltiage: 1.24416, 8.19494
prof - req move dist: 30
prof - amount move dist completed: 0.0652243
pid - targeet: 0.0654243
pid - tpi: 36.0057
pid - current_pos: 2
pid - voltiage: 1.24476, 8.1949
prof - req move dist: 30
prof - amount move dist completed: 0.0652265
pid - targeet: 0.0654291
pid - tpi: 36.0057
pid - current_pos: 2
pid - voltiage: 1.24536, 8.19485
prof - req move dist: 30
prof - amount move dist completed: 0.0652287
pid - targeet: 0.0654339
pid - tpi: 36.0057
pid - current_pos: 2
pid - voltiage: 1.24597, 8.1948
prof - req move dist: 30
prof - amount move dist completed: 0.0652309
pid - targeet: 0.0654387
pid - tpi: 36.0057
pid - current_pos: 2
pid - voltiage: 1.24657, 8.19475
prof - req move dist: 30
prof - amount move dist completed: 0.0652331
pid - targeet: 0.0654435
pid - tpi: 36.0057
pid - current_pos: 2
pid - voltiage: 1.24718, 8.1947
prof - req move dist: 30
prof - amount move dist completed: 0.0652353
pid - targeet: 0.0654483
pid - tpi: 36.0057
pid - current_pos: 2
pid - voltiage: 1.24779, 8.19464
prof - req move dist: 30
prof - amount move dist completed: 0.0652375
pid - targeet: 0.0654532
pid - tpi: 36.0057
pid - current_pos: 2
pid - voltiage: 1.2484, 8.19459
prof - req move dist: 30
prof - amount move dist completed: 0.0652397
pid - targeet: 0.0654581
pid - tpi: 36.0057
pid - current_pos: 2
pid - voltiage: 1.24902, 8.19452
prof - req move dist: 30
prof - amount move dist completed: 0.0652419
pid - targeet: 0.065463
pid - tpi: 36.0057
pid - current_pos: 2
pid - voltiage: 1.24964, 8.19445
prof - req move dist: 30
prof - amount move dist completed: 0.0652441
pid - targeet: 0.0654679
pid - tpi: 36.0057
pid - current_pos: 2
pid - voltiage: 1.25025, 8.1944
prof - req move dist: 30
prof - amount move dist completed: 0.0652463
pid - targeet: 0.0654727
pid - tpi: 36.0057
pid - current_pos: 2
pid - voltiage: 1.25086, 8.19434
prof - req move dist: 30
prof - amount move dist completed: 0.0652485
pid - targeet: 0.0654775
pid - tpi: 36.0057
pid - current_pos: 2
pid - voltiage: 1.25147, 8.19428
prof - req move dist: 30
prof - amount move dist completed: 0.0652506
pid - targeet: 0.0654824
pid - tpi: 36.0057
pid - current_pos: 2
pid - voltiage: 1.25208, 8.19423
prof - req move dist: 30
prof - amount move dist completed: 0.0652528
pid - targeet: 0.0654873
pid - tpi: 36.0057
pid - current_pos: 2
pid - voltiage: 1.2527, 8.19417
prof - req move dist: 30
prof - amount move dist completed: 0.065255
pid - targeet: 0.0654922
pid - tpi: 36.0057
pid - current_pos: 2
pid - voltiage: 1.25331, 8.1941
prof - req move dist: 30
prof - amount move dist completed: 0.0652572
pid - targeet: 0.065497
pid - tpi: 36.0057
pid - current_pos: 2
pid - voltiage: 1.25393, 8.19404
prof - req move dist: 30
prof - amount move dist completed: 0.0652594
pid - targeet: 0.0655019
pid - tpi: 36.0057
pid - current_pos: 2
pid - voltiage: 1.25454, 8.19398
prof - req move dist: 30
prof - amount move dist completed: 0.0652616
pid - targeet: 0.0655067
pid - tpi: 36.0057
pid - current_pos: 2
pid - voltiage: 1.25515, 8.19393
prof - req move dist: 30
prof - amount move dist completed: 0.0652638
pid - targeet: 0.0655115
pid - tpi: 36.0057
pid - current_pos: 2
pid - voltiage: 1.25575, 8.19388
prof - req move dist: 30
prof - amount move dist completed: 0.065266
pid - targeet: 0.0655163
pid - tpi: 36.0057
pid - current_pos: 2
pid - voltiage: 1.25635, 8.19384
prof - req move dist: 30
prof - amount move dist completed: 0.0652682
pid - targeet: 0.0655211
pid - tpi: 36.0057
pid - current_pos: 2
pid - voltiage: 1.25695, 8.19379
prof - req move dist: 30
prof - amount move dist completed: 0.0652704
pid - targeet: 0.0655259
pid - tpi: 36.0057
pid - current_pos: 2
pid - voltiage: 1.25756, 8.19374
prof - req move dist: 30
prof - amount move dist completed: 0.0652726
pid - targeet: 0.0655307
pid - tpi: 36.0057
pid - current_pos: 2
pid - voltiage: 1.25816, 8.19368
prof - req move dist: 30
prof - amount move dist completed: 0.0652748
pid - targeet: 0.0655356
pid - tpi: 36.0057
pid - current_pos: 2
pid - voltiage: 1.25878, 8.19362
prof - req move dist: 30
prof - amount move dist completed: 0.065277
pid - targeet: 0.0655404
pid - tpi: 36.0057
pid - current_pos: 2
pid - voltiage: 1.2594, 8.19356
prof - req move dist: 30
prof - amount move dist completed: 0.0652792
pid - targeet: 0.0655453
pid - tpi: 36.0057
pid - current_pos: 2
pid - voltiage: 1.26001, 8.1935
prof - req move dist: 30
prof - amount move dist completed: 0.0652814
pid - targeet: 0.0655503
pid - tpi: 36.0057
pid - current_pos: 2
pid - voltiage: 1.26063, 8.19343
prof - req move dist: 30
prof - amount move dist completed: 0.0652836
pid - targeet: 0.0655551
pid - tpi: 36.0057
pid - current_pos: 2
pid - voltiage: 1.26125, 8.19337
prof - req move dist: 30
prof - amount move dist completed: 0.0652858
pid - targeet: 0.06556
pid - tpi: 36.0057
pid - current_pos: 2
pid - voltiage: 1.26187, 8.19331
prof - req move dist: 30
prof - amount move dist completed: 0.065288
pid - targeet: 0.0655649
pid - tpi: 36.0057
pid - current_pos: 2
pid - voltiage: 1.26248, 8.19325
prof - req move dist: 30
prof - amount move dist completed: 0.0652902
pid - targeet: 0.0655698
pid - tpi: 36.0057
pid - current_pos: 2
pid - voltiage: 1.2631, 8.19319
prof - req move dist: 30
prof - amount move dist completed: 0.0652924
pid - targeet: 0.0655747
pid - tpi: 36.0057
pid - current_pos: 2
pid - voltiage: 1.26371, 8.19312
prof - req move dist: 30
prof - amount move dist completed: 0.0652946
pid - targeet: 0.0655796
pid - tpi: 36.0057
pid - current_pos: 2
pid - voltiage: 1.26433, 8.19306
prof - req move dist: 30
prof - amount move dist completed: 0.0652968
pid - targeet: 0.0655843
pid - tpi: 36.0057
pid - current_pos: 2
pid - voltiage: 1.26493, 8.19302
prof - req move dist: 30
prof - amount move dist completed: 0.065299
pid - targeet: 0.0655891
pid - tpi: 36.0057
pid - current_pos: 2
pid - voltiage: 1.26553, 8.19297
prof - req move dist: 30
prof - amount move dist completed: 0.0653012
pid - targeet: 0.0655939
pid - tpi: 36.0057
pid - current_pos: 2
pid - voltiage: 1.26613, 8.19292
prof - req move dist: 30
prof - amount move dist completed: 0.0653034
pid - targeet: 0.0655987
pid - tpi: 36.0057
pid - current_pos: 2
pid - voltiage: 1.26674, 8.19287
prof - req move dist: 30
prof - amount move dist completed: 0.0653056
pid - targeet: 0.0656035
pid - tpi: 36.0057
pid - current_pos: 2
pid - voltiage: 1.26735, 8.19281
prof - req move dist: 30
prof - amount move dist completed: 0.0653078
pid - targeet: 0.0656083
pid - tpi: 36.0057
pid - current_pos: 2
pid - voltiage: 1.26795, 8.19276
prof - req move dist: 30
prof - amount move dist completed: 0.06531
pid - targeet: 0.0656131
pid - tpi: 36.0057
pid - current_pos: 2
pid - voltiage: 1.26856, 8.19271
prof - req move dist: 30
prof - amount move dist completed: 0.0653122
pid - targeet: 0.0656179
pid - tpi: 36.0057
pid - current_pos: 2
pid - voltiage: 1.26916, 8.19266
prof - req move dist: 30
prof - amount move dist completed: 0.0653144
pid - targeet: 0.0656227
pid - tpi: 36.0057
pid - current_pos: 2
pid - voltiage: 1.26976, 8.19262
prof - req move dist: 30
prof - amount move dist completed: 0.0653166
pid - targeet: 0.0656275
pid - tpi: 36.0057
pid - current_pos: 2
pid - voltiage: 1.27036, 8.19257
prof - req move dist: 30
prof - amount move dist completed: 0.0653188
pid - targeet: 0.0656322
pid - tpi: 36.0057
pid - current_pos: 2
pid - voltiage: 1.27097, 8.19252
prof - req move dist: 30
prof - amount move dist completed: 0.065321
pid - targeet: 0.065637
pid - tpi: 36.0057
pid - current_pos: 2
pid - voltiage: 1.27157, 8.19247
prof - req move dist: 30
prof - amount move dist completed: 0.0653232
pid - targeet: 0.0656418
pid - tpi: 36.0057
pid - current_pos: 2
pid - voltiage: 1.27217, 8.19242
prof - req move dist: 30
prof - amount move dist completed: 0.0653254
pid - targeet: 0.0656466
pid - tpi: 36.0057
pid - current_pos: 2
pid - voltiage: 1.27278, 8.19237
prof - req move dist: 30
prof - amount move dist completed: 0.0653276
pid - targeet: 0.0656515
pid - tpi: 36.0057
pid - current_pos: 2
pid - voltiage: 1.27339, 8.19232
prof - req move dist: 30
prof - amount move dist completed: 0.0653298
pid - targeet: 0.0656563
pid - tpi: 36.0057
pid - current_pos: 2
pid - voltiage: 1.27399, 8.19226
prof - req move dist: 30
prof - amount move dist completed: 0.065332
pid - targeet: 0.0656611
pid - tpi: 36.0057
pid - current_pos: 2
pid - voltiage: 1.27461, 8.1922
prof - req move dist: 30
prof - amount move dist completed: 0.0653342
pid - targeet: 0.065666
pid - tpi: 36.0057
pid - current_pos: 2
pid - voltiage: 1.27522, 8.19215
prof - req move dist: 30
prof - amount move dist completed: 0.0653364
pid - targeet: 0.0656708
pid - tpi: 36.0057
pid - current_pos: 2
pid - voltiage: 1.27583, 8.19209
prof - req move dist: 30
prof - amount move dist completed: 0.0653386
pid - targeet: 0.0656757
pid - tpi: 36.0057
pid - current_pos: 2
pid - voltiage: 1.27644, 8.19203
prof - req move dist: 30
prof - amount move dist completed: 0.0653408
pid - targeet: 0.0656806
pid - tpi: 36.0057
pid - current_pos: 2
pid - voltiage: 1.27705, 8.19197
prof - req move dist: 30
prof - amount move dist completed: 0.065343
pid - targeet: 0.0656854
pid - tpi: 36.0057
pid - current_pos: 2
pid - voltiage: 1.27767, 8.19192
prof - req move dist: 30
prof - amount move dist completed: 0.0653452
pid - targeet: 0.0656902
pid - tpi: 36.0057
pid - current_pos: 2
pid - voltiage: 1.27826, 8.19187
prof - req move dist: 30
prof - amount move dist completed: 0.0653474
pid - targeet: 0.0656949
pid - tpi: 36.0057
pid - current_pos: 2
pid - voltiage: 1.27886, 8.19183
prof - req move dist: 30
prof - amount move dist completed: 0.0653496
pid - targeet: 0.0656997
pid - tpi: 36.0057
pid - current_pos: 2
pid - voltiage: 1.27946, 8.19178
prof - req move dist: 30
prof - amount move dist completed: 0.0653518
pid - targeet: 0.0657044
pid - tpi: 36.0057
pid - current_pos: 2
pid - voltiage: 1.28006, 8.19174
prof - req move dist: 30
prof - amount move dist completed: 0.065354
pid - targeet: 0.0657092
pid - tpi: 36.0057
pid - current_pos: 2
pid - voltiage: 1.28067, 8.19168
prof - req move dist: 30
prof - amount move dist completed: 0.0653562
pid - targeet: 0.0657141
pid - tpi: 36.0057
pid - current_pos: 2
pid - voltiage: 1.28128, 8.19163
prof - req move dist: 30
prof - amount move dist completed: 0.0653584
pid - targeet: 0.0657189
pid - tpi: 36.0057
pid - current_pos: 2
pid - voltiage: 1.28188, 8.19158
prof - req move dist: 30
prof - amount move dist completed: 0.0653606
pid - targeet: 0.0657236
pid - tpi: 36.0057
pid - current_pos: 2
pid - voltiage: 1.28248, 8.19153
prof - req move dist: 30
prof - amount move dist completed: 0.0653628
pid - targeet: 0.0657285
pid - tpi: 36.0057
pid - current_pos: 2
pid - voltiage: 1.28309, 8.19148
prof - req move dist: 30
prof - amount move dist completed: 0.065365
pid - targeet: 0.0657333
pid - tpi: 36.0057
pid - current_pos: 2
pid - voltiage: 1.2837, 8.19142
prof - req move dist: 30
prof - amount move dist completed: 0.0653672
pid - targeet: 0.0657381
pid - tpi: 36.0057
pid - current_pos: 2
pid - voltiage: 1.28431, 8.19137
prof - req move dist: 30
prof - amount move dist completed: 0.0653694
pid - targeet: 0.065743
pid - tpi: 36.0057
pid - current_pos: 2
pid - voltiage: 1.28492, 8.19131
prof - req move dist: 30
prof - amount move dist completed: 0.0653716
pid - targeet: 0.0657478
pid - tpi: 36.0057
pid - current_pos: 2
pid - voltiage: 1.28553, 8.19126
prof - req move dist: 30
prof - amount move dist completed: 0.0653738
pid - targeet: 0.0657526
pid - tpi: 36.0057
pid - current_pos: 2
pid - voltiage: 1.28614, 8.1912
prof - req move dist: 30
prof - amount move dist completed: 0.065376
pid - targeet: 0.0657575
pid - tpi: 36.0057
pid - current_pos: 2
pid - voltiage: 1.28675, 8.19115
prof - req move dist: 30
prof - amount move dist completed: 0.0653782
pid - targeet: 0.0657623
pid - tpi: 36.0057
pid - current_pos: 2
pid - voltiage: 1.28735, 8.1911
prof - req move dist: 30
prof - amount move dist completed: 0.0653804
pid - targeet: 0.065767
pid - tpi: 36.0057
pid - current_pos: 2
pid - voltiage: 1.28795, 8.19105
prof - req move dist: 30
prof - amount move dist completed: 0.0653826
pid - targeet: 0.0657718
pid - tpi: 36.0057
pid - current_pos: 2
pid - voltiage: 1.28855, 8.19101
prof - req move dist: 30
prof - amount move dist completed: 0.0653848
pid - targeet: 0.0657765
pid - tpi: 36.0057
pid - current_pos: 2
pid - voltiage: 1.28914, 8.19097
prof - req move dist: 30
prof - amount move dist completed: 0.065387
pid - targeet: 0.0657812
pid - tpi: 36.0057
pid - current_pos: 2
pid - voltiage: 1.28974, 8.19092
prof - req move dist: 30
prof - amount move dist completed: 0.0653892
pid - targeet: 0.065786
pid - tpi: 36.0057
pid - current_pos: 2
pid - voltiage: 1.29034, 8.19087
prof - req move dist: 30
prof - amount move dist completed: 0.0653914
pid - targeet: 0.0657908
pid - tpi: 36.0057
pid - current_pos: 2
pid - voltiage: 1.29095, 8.19083
prof - req move dist: 30
prof - amount move dist completed: 0.0653936
pid - targeet: 0.0657955
pid - tpi: 36.0057
pid - current_pos: 2
pid - voltiage: 1.29154, 8.19079
prof - req move dist: 30
prof - amount move dist completed: 0.0653958
pid - targeet: 0.0658002
pid - tpi: 36.0057
pid - current_pos: 2
pid - voltiage: 1.29213, 8.19075
prof - req move dist: 30
prof - amount move dist completed: 0.065398
pid - targeet: 0.065805
pid - tpi: 36.0057
pid - current_pos: 2
pid - voltiage: 1.29273, 8.1907
prof - req move dist: 30
prof - amount move dist completed: 0.0654002
pid - targeet: 0.0658098
pid - tpi: 36.0057
pid - current_pos: 2
pid - voltiage: 1.29334, 8.19065
prof - req move dist: 30
prof - amount move dist completed: 0.0654024
pid - targeet: 0.0658146
pid - tpi: 36.0057
pid - current_pos: 2
pid - voltiage: 1.29395, 8.1906
prof - req move dist: 30
prof - amount move dist completed: 0.0654045
pid - targeet: 0.0658194
pid - tpi: 36.0057
pid - current_pos: 2
pid - voltiage: 1.29455, 8.19054
prof - req move dist: 30
prof - amount move dist completed: 0.0654067
pid - targeet: 0.0658242
pid - tpi: 36.0057
pid - current_pos: 2
pid - voltiage: 1.29516, 8.1905
prof - req move dist: 30
prof - amount move dist completed: 0.0654089
pid - targeet: 0.065829
pid - tpi: 36.0057
pid - current_pos: 2
pid - voltiage: 1.29576, 8.19045
prof - req move dist: 30
prof - amount move dist completed: 0.0654111
pid - targeet: 0.0658337
pid - tpi: 36.0057
pid - current_pos: 2
pid - voltiage: 1.29636, 8.1904
prof - req move dist: 30
prof - amount move dist completed: 0.0654133
pid - targeet: 0.0658385
pid - tpi: 36.0057
pid - current_pos: 2
pid - voltiage: 1.29696, 8.19036
prof - req move dist: 30
prof - amount move dist completed: 0.0654155
pid - targeet: 0.0658433
pid - tpi: 36.0057
pid - current_pos: 2
pid - voltiage: 1.29757, 8.1903
prof - req move dist: 30
prof - amount move dist completed: 0.0654177
pid - targeet: 0.0658482
pid - tpi: 36.0057
pid - current_pos: 2
pid - voltiage: 1.29818, 8.19024
prof - req move dist: 30
prof - amount move dist completed: 0.0654199
pid - targeet: 0.0658531
pid - tpi: 36.0057
pid - current_pos: 2
pid - voltiage: 1.29879, 8.19018
prof - req move dist: 30
prof - amount move dist completed: 0.0654221
pid - targeet: 0.0658579
pid - tpi: 36.0057
pid - current_pos: 2
pid - voltiage: 1.29941, 8.19012
prof - req move dist: 30
prof - amount move dist completed: 0.0654243
pid - targeet: 0.0658627
pid - tpi: 36.0057
pid - current_pos: 2
pid - voltiage: 1.30001, 8.19007
prof - req move dist: 30
prof - amount move dist completed: 0.0654265
pid - targeet: 0.0658675
pid - tpi: 36.0057
pid - current_pos: 2
pid - voltiage: 1.30061, 8.19002
prof - req move dist: 30
prof - amount move dist completed: 0.0654287
pid - targeet: 0.0658723
pid - tpi: 36.0057
pid - current_pos: 2
pid - voltiage: 1.30122, 8.18997
prof - req move dist: 30
prof - amount move dist completed: 0.0654309
pid - targeet: 0.0658772
pid - tpi: 36.0057
pid - current_pos: 2
pid - voltiage: 1.30183, 8.18991
prof - req move dist: 30
prof - amount move dist completed: 0.0654331
pid - targeet: 0.0658821
pid - tpi: 36.0057
pid - current_pos: 2
pid - voltiage: 1.30245, 8.18985
prof - req move dist: 30
prof - amount move dist completed: 0.0654353
pid - targeet: 0.0658869
pid - tpi: 36.0057
pid - current_pos: 2
pid - voltiage: 1.30306, 8.18979
prof - req move dist: 30
prof - amount move dist completed: 0.0654375
pid - targeet: 0.0658918
pid - tpi: 36.0057
pid - current_pos: 2
pid - voltiage: 1.30367, 8.18974
prof - req move dist: 30
prof - amount move dist completed: 0.0654397
pid - targeet: 0.0658966
pid - tpi: 36.0057
pid - current_pos: 2
pid - voltiage: 1.30428, 8.18968
prof - req move dist: 30
prof - amount move dist completed: 0.0654419
pid - targeet: 0.0659015
pid - tpi: 36.0057
pid - current_pos: 2
pid - voltiage: 1.30489, 8.18962
prof - req move dist: 30
prof - amount move dist completed: 0.0654441
pid - targeet: 0.0659064
pid - tpi: 36.0057
pid - current_pos: 2
pid - voltiage: 1.30551, 8.18956
prof - req move dist: 30
prof - amount move dist completed: 0.0654463
pid - targeet: 0.0659112
pid - tpi: 36.0057
pid - current_pos: 2
pid - voltiage: 1.30612, 8.1895
prof - req move dist: 30
prof - amount move dist completed: 0.0654485
pid - targeet: 0.0659161
pid - tpi: 36.0057
pid - current_pos: 2
pid - voltiage: 1.30674, 8.18944
prof - req move dist: 30
prof - amount move dist completed: 0.0654507
pid - targeet: 0.0659209
pid - tpi: 36.0057
pid - current_pos: 2
pid - voltiage: 1.30735, 8.18939
prof - req move dist: 30
prof - amount move dist completed: 0.0654529
pid - targeet: 0.0659258
pid - tpi: 36.0057
pid - current_pos: 2
pid - voltiage: 1.30796, 8.18933
prof - req move dist: 30
prof - amount move dist completed: 0.0654551
pid - targeet: 0.0659307
pid - tpi: 36.0057
pid - current_pos: 2
pid - voltiage: 1.30858, 8.18926
prof - req move dist: 30
prof - amount move dist completed: 0.0654573
pid - targeet: 0.0659357
pid - tpi: 36.0057
pid - current_pos: 2
pid - voltiage: 1.3092, 8.18919
prof - req move dist: 30
prof - amount move dist completed: 0.0654595
pid - targeet: 0.0659405
pid - tpi: 36.0057
pid - current_pos: 2
pid - voltiage: 1.30982, 8.18913
prof - req move dist: 30
prof - amount move dist completed: 0.0654617
pid - targeet: 0.0659454
pid - tpi: 36.0057
pid - current_pos: 2
pid - voltiage: 1.31043, 8.18907
prof - req move dist: 30
prof - amount move dist completed: 0.0654639
pid - targeet: 0.0659503
pid - tpi: 36.0057
pid - current_pos: 2
pid - voltiage: 1.31104, 8.18902
prof - req move dist: 30
prof - amount move dist completed: 0.0654661
pid - targeet: 0.0659551
pid - tpi: 36.0057
pid - current_pos: 2
pid - voltiage: 1.31166, 8.18896
prof - req move dist: 30
prof - amount move dist completed: 0.0654683
pid - targeet: 0.0659601
pid - tpi: 36.0057
pid - current_pos: 2
pid - voltiage: 1.31228, 8.18889
prof - req move dist: 30
prof - amount move dist completed: 0.0654705
pid - targeet: 0.065965
pid - tpi: 36.0057
pid - current_pos: 2
pid - voltiage: 1.3129, 8.18882
prof - req move dist: 30
prof - amount move dist completed: 0.0654727
pid - targeet: 0.0659699
pid - tpi: 36.0057
pid - current_pos: 2
pid - voltiage: 1.31351, 8.18876
prof - req move dist: 30
prof - amount move dist completed: 0.0654749
pid - targeet: 0.0659748
pid - tpi: 36.0057
pid - current_pos: 2
pid - voltiage: 1.31413, 8.1887
prof - req move dist: 30
prof - amount move dist completed: 0.0654771
pid - targeet: 0.0659796
pid - tpi: 36.0057
pid - current_pos: 2
pid - voltiage: 1.31474, 8.18864
prof - req move dist: 30
prof - amount move dist completed: 0.0654793
pid - targeet: 0.0659845
pid - tpi: 36.0057
pid - current_pos: 2
pid - voltiage: 1.31536, 8.18858
prof - req move dist: 30
prof - amount move dist completed: 0.0654815
pid - targeet: 0.0659894
pid - tpi: 36.0057
pid - current_pos: 2
pid - voltiage: 1.31598, 8.18851
prof - req move dist: 30
prof - amount move dist completed: 0.0654837
pid - targeet: 0.0659943
pid - tpi: 36.0057
pid - current_pos: 2
pid - voltiage: 1.3166, 8.18845
prof - req move dist: 30
prof - amount move dist completed: 0.0654859
pid - targeet: 0.0659992
pid - tpi: 36.0057
pid - current_pos: 2
pid - voltiage: 1.31721, 8.18839
prof - req move dist: 30
prof - amount move dist completed: 0.0654881
pid - targeet: 0.0660041
pid - tpi: 36.0057
pid - current_pos: 2
pid - voltiage: 1.31782, 8.18833
prof - req move dist: 30
prof - amount move dist completed: 0.0654903
pid - targeet: 0.066009
pid - tpi: 36.0057
pid - current_pos: 2
pid - voltiage: 1.31844, 8.18827
prof - req move dist: 30
prof - amount move dist completed: 0.0654925
pid - targeet: 0.0660139
pid - tpi: 36.0057
pid - current_pos: 2
pid - voltiage: 1.31906, 8.1882
prof - req move dist: 30
prof - amount move dist completed: 0.0654947
pid - targeet: 0.0660187
pid - tpi: 36.0057
pid - current_pos: 2
pid - voltiage: 1.31967, 8.18815
prof - req move dist: 30
prof - amount move dist completed: 0.0654969
pid - targeet: 0.0660235
pid - tpi: 36.0057
pid - current_pos: 2
pid - voltiage: 1.32027, 8.1881
prof - req move dist: 30
prof - amount move dist completed: 0.0654991
pid - targeet: 0.0660283
pid - tpi: 36.0057
pid - current_pos: 2
pid - voltiage: 1.32088, 8.18804
prof - req move dist: 30
prof - amount move dist completed: 0.0655013
pid - targeet: 0.0660331
pid - tpi: 36.0057
pid - current_pos: 2
pid - voltiage: 1.32149, 8.18799
prof - req move dist: 30
prof - amount move dist completed: 0.0655035
pid - targeet: 0.066038
pid - tpi: 36.0057
pid - current_pos: 2
pid - voltiage: 1.3221, 8.18793
prof - req move dist: 30
prof - amount move dist completed: 0.0655057
pid - targeet: 0.0660429
pid - tpi: 36.0057
pid - current_pos: 2
pid - voltiage: 1.32271, 8.18787
prof - req move dist: 30
prof - amount move dist completed: 0.0655079
pid - targeet: 0.0660477
pid - tpi: 36.0057
pid - current_pos: 2
pid - voltiage: 1.32332, 8.18782
prof - req move dist: 30
prof - amount move dist completed: 0.0655101
pid - targeet: 0.0660526
pid - tpi: 36.0057
pid - current_pos: 2
pid - voltiage: 1.32394, 8.18776
prof - req move dist: 30
prof - amount move dist completed: 0.0655123
pid - targeet: 0.0660574
pid - tpi: 36.0057
pid - current_pos: 2
pid - voltiage: 1.32455, 8.1877
prof - req move dist: 30
prof - amount move dist completed: 0.0655145
pid - targeet: 0.0660623
pid - tpi: 36.0057
pid - current_pos: 2
pid - voltiage: 1.32516, 8.18764
prof - req move dist: 30
prof - amount move dist completed: 0.0655167
pid - targeet: 0.0660672
pid - tpi: 36.0057
pid - current_pos: 2
pid - voltiage: 1.32578, 8.18758
prof - req move dist: 30
prof - amount move dist completed: 0.0655189
pid - targeet: 0.066072
pid - tpi: 36.0057
pid - current_pos: 2
pid - voltiage: 1.32639, 8.18752
prof - req move dist: 30
prof - amount move dist completed: 0.0655211
pid - targeet: 0.0660768
pid - tpi: 36.0057
pid - current_pos: 2
pid - voltiage: 1.32699, 8.18748
prof - req move dist: 30
prof - amount move dist completed: 0.0655233
pid - targeet: 0.0660816
pid - tpi: 36.0057
pid - current_pos: 2
pid - voltiage: 1.32759, 8.18743
prof - req move dist: 30
prof - amount move dist completed: 0.0655255
pid - targeet: 0.0660864
pid - tpi: 36.0057
pid - current_pos: 2
pid - voltiage: 1.3282, 8.18737
prof - req move dist: 30
prof - amount move dist completed: 0.0655277
pid - targeet: 0.0660912
pid - tpi: 36.0057
pid - current_pos: 2
pid - voltiage: 1.32881, 8.18732
prof - req move dist: 30
prof - amount move dist completed: 0.0655299
pid - targeet: 0.066096
pid - tpi: 36.0057
pid - current_pos: 2
pid - voltiage: 1.32941, 8.18727
prof - req move dist: 30
prof - amount move dist completed: 0.0655321
pid - targeet: 0.0661008
pid - tpi: 36.0057
pid - current_pos: 2
pid - voltiage: 1.33002, 8.18722
prof - req move dist: 30
prof - amount move dist completed: 0.0655343
pid - targeet: 0.0661057
pid - tpi: 36.0057
pid - current_pos: 2
pid - voltiage: 1.33063, 8.18716
prof - req move dist: 30
prof - amount move dist completed: 0.0655365
pid - targeet: 0.0661105
pid - tpi: 36.0057
pid - current_pos: 2
pid - voltiage: 1.33124, 8.18711
prof - req move dist: 30
prof - amount move dist completed: 0.0655387
pid - targeet: 0.0661154
pid - tpi: 36.0057
pid - current_pos: 2
pid - voltiage: 1.33186, 8.18704
prof - req move dist: 30
prof - amount move dist completed: 0.0655409
pid - targeet: 0.0661204
pid - tpi: 36.0057
pid - current_pos: 2
pid - voltiage: 1.33248, 8.18697
prof - req move dist: 30
prof - amount move dist completed: 0.0655431
pid - targeet: 0.0661252
pid - tpi: 36.0057
pid - current_pos: 2
pid - voltiage: 1.33309, 8.18692
prof - req move dist: 30
prof - amount move dist completed: 0.0655453
pid - targeet: 0.0661301
pid - tpi: 36.0057
pid - current_pos: 2
pid - voltiage: 1.3337, 8.18686
prof - req move dist: 30
prof - amount move dist completed: 0.0655475
pid - targeet: 0.0661349
pid - tpi: 36.0057
pid - current_pos: 2
pid - voltiage: 1.33431, 8.18681
prof - req move dist: 30
prof - amount move dist completed: 0.0655497
pid - targeet: 0.0661397
pid - tpi: 36.0057
pid - current_pos: 2
pid - voltiage: 1.33492, 8.18675
prof - req move dist: 30
prof - amount move dist completed: 0.0655519
pid - targeet: 0.0661446
pid - tpi: 36.0057
pid - current_pos: 2
pid - voltiage: 1.33554, 8.18669
prof - req move dist: 30
prof - amount move dist completed: 0.0655541
pid - targeet: 0.0661496
pid - tpi: 36.0057
pid - current_pos: 2
pid - voltiage: 1.33616, 8.18662
prof - req move dist: 30
prof - amount move dist completed: 0.0655563
pid - targeet: 0.0661545
pid - tpi: 36.0057
pid - current_pos: 2
pid - voltiage: 1.33678, 8.18655
prof - req move dist: 30
prof - amount move dist completed: 0.0655585
pid - targeet: 0.0661594
pid - tpi: 36.0057
pid - current_pos: 2
pid - voltiage: 1.3374, 8.18649
prof - req move dist: 30
prof - amount move dist completed: 0.0655606
pid - targeet: 0.0661643
pid - tpi: 36.0057
pid - current_pos: 2
pid - voltiage: 1.33801, 8.18643
prof - req move dist: 30
prof - amount move dist completed: 0.0655628
pid - targeet: 0.0661691
pid - tpi: 36.0057
pid - current_pos: 2
pid - voltiage: 1.33862, 8.18637
prof - req move dist: 30
prof - amount move dist completed: 0.065565
pid - targeet: 0.066174
pid - tpi: 36.0057
pid - current_pos: 2
pid - voltiage: 1.33924, 8.18631
prof - req move dist: 30
prof - amount move dist completed: 0.0655672
pid - targeet: 0.0661789
pid - tpi: 36.0057
pid - current_pos: 2
pid - voltiage: 1.33985, 8.18625
prof - req move dist: 30
prof - amount move dist completed: 0.0655694
pid - targeet: 0.0661837
pid - tpi: 36.0057
pid - current_pos: 2
pid - voltiage: 1.34046, 8.1862
prof - req move dist: 30
prof - amount move dist completed: 0.0655716
pid - targeet: 0.0661885
pid - tpi: 36.0057
pid - current_pos: 2
pid - voltiage: 1.34106, 8.18615
prof - req move dist: 30
prof - amount move dist completed: 0.0655738
pid - targeet: 0.0661933
pid - tpi: 36.0057
pid - current_pos: 2
pid - voltiage: 1.34167, 8.18609
prof - req move dist: 30
prof - amount move dist completed: 0.065576
pid - targeet: 0.0661981
pid - tpi: 36.0057
pid - current_pos: 2
pid - voltiage: 1.34228, 8.18604
prof - req move dist: 30
prof - amount move dist completed: 0.0655782
pid - targeet: 0.066203
pid - tpi: 36.0057
pid - current_pos: 2
pid - voltiage: 1.34289, 8.18598
prof - req move dist: 30
prof - amount move dist completed: 0.0655804
pid - targeet: 0.0662078
pid - tpi: 36.0057
pid - current_pos: 2
pid - voltiage: 1.3435, 8.18593
prof - req move dist: 30
prof - amount move dist completed: 0.0655826
pid - targeet: 0.0662126
pid - tpi: 36.0057
pid - current_pos: 2
pid - voltiage: 1.34411, 8.18587
prof - req move dist: 30
prof - amount move dist completed: 0.0655848
pid - targeet: 0.0662175
pid - tpi: 36.0057
pid - current_pos: 2
pid - voltiage: 1.34471, 8.18582
prof - req move dist: 30
prof - amount move dist completed: 0.065587
pid - targeet: 0.0662222
pid - tpi: 36.0057
pid - current_pos: 2
pid - voltiage: 1.34532, 8.18577
prof - req move dist: 30
prof - amount move dist completed: 0.0655892
pid - targeet: 0.066227
pid - tpi: 36.0057
pid - current_pos: 2
pid - voltiage: 1.34592, 8.18572
prof - req move dist: 30
prof - amount move dist completed: 0.0655914
pid - targeet: 0.0662318
pid - tpi: 36.0057
pid - current_pos: 2
pid - voltiage: 1.34653, 8.18567
prof - req move dist: 30
prof - amount move dist completed: 0.0655936
pid - targeet: 0.0662367
pid - tpi: 36.0057
pid - current_pos: 2
pid - voltiage: 1.34713, 8.18562
prof - req move dist: 30
prof - amount move dist completed: 0.0655958
pid - targeet: 0.0662415
pid - tpi: 36.0057
pid - current_pos: 2
pid - voltiage: 1.34774, 8.18557
prof - req move dist: 30
prof - amount move dist completed: 0.065598
pid - targeet: 0.0662463
pid - tpi: 36.0057
pid - current_pos: 2
pid - voltiage: 1.34834, 8.18552
prof - req move dist: 30
prof - amount move dist completed: 0.0656002
pid - targeet: 0.0662511
pid - tpi: 36.0057
pid - current_pos: 2
pid - voltiage: 1.34896, 8.18546
prof - req move dist: 30
prof - amount move dist completed: 0.0656024
pid - targeet: 0.066256
pid - tpi: 36.0057
pid - current_pos: 2
pid - voltiage: 1.34957, 8.1854
prof - req move dist: 30
prof - amount move dist completed: 0.0656046
pid - targeet: 0.0662608
pid - tpi: 36.0057
pid - current_pos: 2
pid - voltiage: 1.35018, 8.18534
prof - req move dist: 30
prof - amount move dist completed: 0.0656068
pid - targeet: 0.0662657
pid - tpi: 36.0057
pid - current_pos: 2
pid - voltiage: 1.35079, 8.18529
prof - req move dist: 30
prof - amount move dist completed: 0.065609
pid - targeet: 0.0662704
pid - tpi: 36.0057
pid - current_pos: 2
pid - voltiage: 1.35139, 8.18524
prof - req move dist: 30
prof - amount move dist completed: 0.0656112
pid - targeet: 0.0662752
pid - tpi: 36.0057
pid - current_pos: 2
pid - voltiage: 1.35199, 8.18519
prof - req move dist: 30
prof - amount move dist completed: 0.0656134
pid - targeet: 0.06628
pid - tpi: 36.0057
pid - current_pos: 2
pid - voltiage: 1.3526, 8.18514
prof - req move dist: 30
prof - amount move dist completed: 0.0656156
pid - targeet: 0.0662848
pid - tpi: 36.0057
pid - current_pos: 2
pid - voltiage: 1.35321, 8.18509
prof - req move dist: 30
prof - amount move dist completed: 0.0656178
pid - targeet: 0.0662897
pid - tpi: 36.0057
pid - current_pos: 2
pid - voltiage: 1.35382, 8.18502
prof - req move dist: 30
prof - amount move dist completed: 0.06562
pid - targeet: 0.0662947
pid - tpi: 36.0057
pid - current_pos: 2
pid - voltiage: 1.35444, 8.18496
prof - req move dist: 30
prof - amount move dist completed: 0.0656222
pid - targeet: 0.0662995
pid - tpi: 36.0057
pid - current_pos: 2
pid - voltiage: 1.35506, 8.1849
prof - req move dist: 30
prof - amount move dist completed: 0.0656244
pid - targeet: 0.0663044
pid - tpi: 36.0057
pid - current_pos: 2
pid - voltiage: 1.35567, 8.18484
prof - req move dist: 30
prof - amount move dist completed: 0.0656266
pid - targeet: 0.0663093
pid - tpi: 36.0057
pid - current_pos: 2
pid - voltiage: 1.35628, 8.18478
prof - req move dist: 30
prof - amount move dist completed: 0.0656288
pid - targeet: 0.0663141
pid - tpi: 36.0057
pid - current_pos: 2
pid - voltiage: 1.3569, 8.18472
prof - req move dist: 30
prof - amount move dist completed: 0.065631
pid - targeet: 0.066319
pid - tpi: 36.0057
pid - current_pos: 2
pid - voltiage: 1.35751, 8.18466
prof - req move dist: 30
prof - amount move dist completed: 0.0656332
pid - targeet: 0.0663239
pid - tpi: 36.0057
pid - current_pos: 2
pid - voltiage: 1.35813, 8.1846
prof - req move dist: 30
prof - amount move dist completed: 0.0656354
pid - targeet: 0.0663288
pid - tpi: 36.0057
pid - current_pos: 2
pid - voltiage: 1.35874, 8.18454
prof - req move dist: 30
prof - amount move dist completed: 0.0656376
pid - targeet: 0.0663336
pid - tpi: 36.0057
pid - current_pos: 2
pid - voltiage: 1.35936, 8.18448
prof - req move dist: 30
prof - amount move dist completed: 0.0656398
pid - targeet: 0.0663385
pid - tpi: 36.0057
pid - current_pos: 2
pid - voltiage: 1.35997, 8.18442
prof - req move dist: 30
prof - amount move dist completed: 0.065642
pid - targeet: 0.0663434
pid - tpi: 36.0057
pid - current_pos: 2
pid - voltiage: 1.36058, 8.18436
prof - req move dist: 30
prof - amount move dist completed: 0.0656442
pid - targeet: 0.0663484
pid - tpi: 36.0057
pid - current_pos: 2
pid - voltiage: 1.36121, 8.18429
prof - req move dist: 30
prof - amount move dist completed: 0.0656464
pid - targeet: 0.0663533
pid - tpi: 36.0057
pid - current_pos: 2
pid - voltiage: 1.36184, 8.18421
prof - req move dist: 30
prof - amount move dist completed: 0.0656486
pid - targeet: 0.0663582
pid - tpi: 36.0057
pid - current_pos: 2
pid - voltiage: 1.36245, 8.18416
prof - req move dist: 30
prof - amount move dist completed: 0.0656508
pid - targeet: 0.0663631
pid - tpi: 36.0057
pid - current_pos: 2
pid - voltiage: 1.36306, 8.1841
prof - req move dist: 30
prof - amount move dist completed: 0.065653
pid - targeet: 0.066368
pid - tpi: 36.0057
pid - current_pos: 2
pid - voltiage: 1.36368, 8.18403
prof - req move dist: 30
prof - amount move dist completed: 0.0656552
pid - targeet: 0.0663728
pid - tpi: 36.0057
pid - current_pos: 2
pid - voltiage: 1.36429, 8.18397
prof - req move dist: 30
prof - amount move dist completed: 0.0656574
pid - targeet: 0.0663777
pid - tpi: 36.0057
pid - current_pos: 2
pid - voltiage: 1.36491, 8.18391
prof - req move dist: 30
prof - amount move dist completed: 0.0656596
pid - targeet: 0.0663826
pid - tpi: 36.0057
pid - current_pos: 2
pid - voltiage: 1.36553, 8.18385
prof - req move dist: 30
prof - amount move dist completed: 0.0656618
pid - targeet: 0.0663874
pid - tpi: 36.0057
pid - current_pos: 2
pid - voltiage: 1.36613, 8.1838
prof - req move dist: 30
prof - amount move dist completed: 0.065664
pid - targeet: 0.0663923
pid - tpi: 36.0057
pid - current_pos: 2
pid - voltiage: 1.36674, 8.18374
WARNING - pros.serial.terminal.terminal:stop - Stopping terminal
WARNING - pros.serial.terminal.terminal:reader - Connection to COM8 broken
